{"D:\\Projects\\Arc\\src\\core\\bookmarkStore.ts": {"path":"D:\\Projects\\Arc\\src\\core\\bookmarkStore.ts","all":false,"statementMap":{"0":{"start":{"line":1,"column":0},"end":{"line":1,"column":35}},"1":{"start":{"line":2,"column":0},"end":{"line":2,"column":25}},"2":{"start":{"line":3,"column":0},"end":{"line":3,"column":29}},"3":{"start":{"line":4,"column":0},"end":{"line":4,"column":0}},"4":{"start":{"line":5,"column":0},"end":{"line":5,"column":122}},"5":{"start":{"line":6,"column":0},"end":{"line":6,"column":0}},"6":{"start":{"line":7,"column":0},"end":{"line":7,"column":26}},"7":{"start":{"line":8,"column":0},"end":{"line":8,"column":22}},"8":{"start":{"line":9,"column":0},"end":{"line":9,"column":43}},"9":{"start":{"line":10,"column":0},"end":{"line":10,"column":28}},"10":{"start":{"line":11,"column":0},"end":{"line":11,"column":43}},"11":{"start":{"line":12,"column":0},"end":{"line":12,"column":3}},"12":{"start":{"line":13,"column":0},"end":{"line":13,"column":1}},"13":{"start":{"line":14,"column":0},"end":{"line":14,"column":0}},"14":{"start":{"line":15,"column":0},"end":{"line":15,"column":3}},"15":{"start":{"line":16,"column":0},"end":{"line":16,"column":27}},"16":{"start":{"line":17,"column":0},"end":{"line":17,"column":3}},"17":{"start":{"line":18,"column":0},"end":{"line":18,"column":38}},"18":{"start":{"line":19,"column":0},"end":{"line":19,"column":7}},"19":{"start":{"line":20,"column":0},"end":{"line":20,"column":16}},"20":{"start":{"line":21,"column":0},"end":{"line":21,"column":40}},"21":{"start":{"line":22,"column":0},"end":{"line":22,"column":60}},"22":{"start":{"line":23,"column":0},"end":{"line":23,"column":30}},"23":{"start":{"line":24,"column":0},"end":{"line":24,"column":5}},"24":{"start":{"line":25,"column":0},"end":{"line":25,"column":19}},"25":{"start":{"line":26,"column":0},"end":{"line":26,"column":53}},"26":{"start":{"line":27,"column":0},"end":{"line":27,"column":3}},"27":{"start":{"line":28,"column":0},"end":{"line":28,"column":12}},"28":{"start":{"line":29,"column":0},"end":{"line":29,"column":1}},"29":{"start":{"line":30,"column":0},"end":{"line":30,"column":0}},"30":{"start":{"line":31,"column":0},"end":{"line":31,"column":3}},"31":{"start":{"line":32,"column":0},"end":{"line":32,"column":25}},"32":{"start":{"line":33,"column":0},"end":{"line":33,"column":3}},"33":{"start":{"line":34,"column":0},"end":{"line":34,"column":53}},"34":{"start":{"line":35,"column":0},"end":{"line":35,"column":7}},"35":{"start":{"line":36,"column":0},"end":{"line":36,"column":16}},"36":{"start":{"line":37,"column":0},"end":{"line":37,"column":82}},"37":{"start":{"line":38,"column":0},"end":{"line":38,"column":19}},"38":{"start":{"line":39,"column":0},"end":{"line":39,"column":52}},"39":{"start":{"line":40,"column":0},"end":{"line":40,"column":3}},"40":{"start":{"line":41,"column":0},"end":{"line":41,"column":1}},"41":{"start":{"line":42,"column":0},"end":{"line":42,"column":0}},"42":{"start":{"line":43,"column":0},"end":{"line":43,"column":3}},"43":{"start":{"line":44,"column":0},"end":{"line":44,"column":34}},"44":{"start":{"line":45,"column":0},"end":{"line":45,"column":3}},"45":{"start":{"line":46,"column":0},"end":{"line":46,"column":31}},"46":{"start":{"line":47,"column":0},"end":{"line":47,"column":68}},"47":{"start":{"line":48,"column":0},"end":{"line":48,"column":1}},"48":{"start":{"line":49,"column":0},"end":{"line":49,"column":0}},"49":{"start":{"line":50,"column":0},"end":{"line":50,"column":3}},"50":{"start":{"line":51,"column":0},"end":{"line":51,"column":21}},"51":{"start":{"line":52,"column":0},"end":{"line":52,"column":3}},"52":{"start":{"line":53,"column":0},"end":{"line":53,"column":84}},"53":{"start":{"line":54,"column":0},"end":{"line":54,"column":36}},"54":{"start":{"line":55,"column":0},"end":{"line":55,"column":25}},"55":{"start":{"line":56,"column":0},"end":{"line":56,"column":0}},"56":{"start":{"line":57,"column":0},"end":{"line":57,"column":33}},"57":{"start":{"line":58,"column":0},"end":{"line":58,"column":21}},"58":{"start":{"line":59,"column":0},"end":{"line":59,"column":8}},"59":{"start":{"line":60,"column":0},"end":{"line":60,"column":10}},"60":{"start":{"line":61,"column":0},"end":{"line":61,"column":19}},"61":{"start":{"line":62,"column":0},"end":{"line":62,"column":19}},"62":{"start":{"line":63,"column":0},"end":{"line":63,"column":21}},"63":{"start":{"line":64,"column":0},"end":{"line":64,"column":4}},"64":{"start":{"line":65,"column":0},"end":{"line":65,"column":0}},"65":{"start":{"line":66,"column":0},"end":{"line":66,"column":30}},"66":{"start":{"line":67,"column":0},"end":{"line":67,"column":27}},"67":{"start":{"line":68,"column":0},"end":{"line":68,"column":21}},"68":{"start":{"line":69,"column":0},"end":{"line":69,"column":1}},"69":{"start":{"line":70,"column":0},"end":{"line":70,"column":0}},"70":{"start":{"line":71,"column":0},"end":{"line":71,"column":3}},"71":{"start":{"line":72,"column":0},"end":{"line":72,"column":26}},"72":{"start":{"line":73,"column":0},"end":{"line":73,"column":3}},"73":{"start":{"line":74,"column":0},"end":{"line":74,"column":53}},"74":{"start":{"line":75,"column":0},"end":{"line":75,"column":36}},"75":{"start":{"line":76,"column":0},"end":{"line":76,"column":41}},"76":{"start":{"line":77,"column":0},"end":{"line":77,"column":54}},"77":{"start":{"line":78,"column":0},"end":{"line":78,"column":0}},"78":{"start":{"line":79,"column":0},"end":{"line":79,"column":40}},"79":{"start":{"line":80,"column":0},"end":{"line":80,"column":28}},"80":{"start":{"line":81,"column":0},"end":{"line":81,"column":16}},"81":{"start":{"line":82,"column":0},"end":{"line":82,"column":3}},"82":{"start":{"line":83,"column":0},"end":{"line":83,"column":15}},"83":{"start":{"line":84,"column":0},"end":{"line":84,"column":1}},"84":{"start":{"line":85,"column":0},"end":{"line":85,"column":0}},"85":{"start":{"line":86,"column":0},"end":{"line":86,"column":3}},"86":{"start":{"line":87,"column":0},"end":{"line":87,"column":20}},"87":{"start":{"line":88,"column":0},"end":{"line":88,"column":3}},"88":{"start":{"line":89,"column":0},"end":{"line":89,"column":62}},"89":{"start":{"line":90,"column":0},"end":{"line":90,"column":25}},"90":{"start":{"line":91,"column":0},"end":{"line":91,"column":1}},"91":{"start":{"line":92,"column":0},"end":{"line":92,"column":0}},"92":{"start":{"line":93,"column":0},"end":{"line":93,"column":3}},"93":{"start":{"line":94,"column":0},"end":{"line":94,"column":21}},"94":{"start":{"line":95,"column":0},"end":{"line":95,"column":3}},"95":{"start":{"line":96,"column":0},"end":{"line":96,"column":77}},"96":{"start":{"line":97,"column":0},"end":{"line":97,"column":36}},"97":{"start":{"line":98,"column":0},"end":{"line":98,"column":50}},"98":{"start":{"line":99,"column":0},"end":{"line":99,"column":1}},"99":{"start":{"line":100,"column":0},"end":{"line":100,"column":0}},"100":{"start":{"line":101,"column":0},"end":{"line":101,"column":3}},"101":{"start":{"line":102,"column":0},"end":{"line":102,"column":35}},"102":{"start":{"line":103,"column":0},"end":{"line":103,"column":3}},"103":{"start":{"line":104,"column":0},"end":{"line":104,"column":75}},"104":{"start":{"line":105,"column":0},"end":{"line":105,"column":36}},"105":{"start":{"line":106,"column":0},"end":{"line":106,"column":41}},"106":{"start":{"line":107,"column":0},"end":{"line":107,"column":0}},"107":{"start":{"line":108,"column":0},"end":{"line":108,"column":26}},"108":{"start":{"line":109,"column":0},"end":{"line":109,"column":8}},"109":{"start":{"line":110,"column":0},"end":{"line":110,"column":49}},"110":{"start":{"line":111,"column":0},"end":{"line":111,"column":51}},"111":{"start":{"line":112,"column":0},"end":{"line":112,"column":76}},"112":{"start":{"line":113,"column":0},"end":{"line":113,"column":4}},"113":{"start":{"line":114,"column":0},"end":{"line":114,"column":1}},"114":{"start":{"line":115,"column":0},"end":{"line":115,"column":0}},"115":{"start":{"line":116,"column":0},"end":{"line":116,"column":3}},"116":{"start":{"line":117,"column":0},"end":{"line":117,"column":20}},"117":{"start":{"line":118,"column":0},"end":{"line":118,"column":3}},"118":{"start":{"line":119,"column":0},"end":{"line":119,"column":89}},"119":{"start":{"line":120,"column":0},"end":{"line":120,"column":36}},"120":{"start":{"line":121,"column":0},"end":{"line":121,"column":54}},"121":{"start":{"line":122,"column":0},"end":{"line":122,"column":0}},"122":{"start":{"line":123,"column":0},"end":{"line":123,"column":21}},"123":{"start":{"line":124,"column":0},"end":{"line":124,"column":16}},"124":{"start":{"line":125,"column":0},"end":{"line":125,"column":3}},"125":{"start":{"line":126,"column":0},"end":{"line":126,"column":0}},"126":{"start":{"line":127,"column":0},"end":{"line":127,"column":29}},"127":{"start":{"line":128,"column":0},"end":{"line":128,"column":24}},"128":{"start":{"line":129,"column":0},"end":{"line":129,"column":15}},"129":{"start":{"line":130,"column":0},"end":{"line":130,"column":43}},"130":{"start":{"line":131,"column":0},"end":{"line":131,"column":68}},"131":{"start":{"line":132,"column":0},"end":{"line":132,"column":54}},"132":{"start":{"line":133,"column":0},"end":{"line":133,"column":4}},"133":{"start":{"line":134,"column":0},"end":{"line":134,"column":0}},"134":{"start":{"line":135,"column":0},"end":{"line":135,"column":29}},"135":{"start":{"line":136,"column":0},"end":{"line":136,"column":27}},"136":{"start":{"line":137,"column":0},"end":{"line":137,"column":17}},"137":{"start":{"line":138,"column":0},"end":{"line":138,"column":1}},"138":{"start":{"line":139,"column":0},"end":{"line":139,"column":0}},"139":{"start":{"line":140,"column":0},"end":{"line":140,"column":3}},"140":{"start":{"line":141,"column":0},"end":{"line":141,"column":29}},"141":{"start":{"line":142,"column":0},"end":{"line":142,"column":3}},"142":{"start":{"line":143,"column":0},"end":{"line":143,"column":67}},"143":{"start":{"line":144,"column":0},"end":{"line":144,"column":36}},"144":{"start":{"line":145,"column":0},"end":{"line":145,"column":44}},"145":{"start":{"line":146,"column":0},"end":{"line":146,"column":1}},"146":{"start":{"line":147,"column":0},"end":{"line":147,"column":0}},"147":{"start":{"line":148,"column":0},"end":{"line":148,"column":3}},"148":{"start":{"line":149,"column":0},"end":{"line":149,"column":23}},"149":{"start":{"line":150,"column":0},"end":{"line":150,"column":3}},"150":{"start":{"line":151,"column":0},"end":{"line":151,"column":75}},"151":{"start":{"line":152,"column":0},"end":{"line":152,"column":36}},"152":{"start":{"line":153,"column":0},"end":{"line":153,"column":63}},"153":{"start":{"line":154,"column":0},"end":{"line":154,"column":1}},"154":{"start":{"line":155,"column":0},"end":{"line":155,"column":0}},"155":{"start":{"line":156,"column":0},"end":{"line":156,"column":3}},"156":{"start":{"line":157,"column":0},"end":{"line":157,"column":22}},"157":{"start":{"line":158,"column":0},"end":{"line":158,"column":3}},"158":{"start":{"line":159,"column":0},"end":{"line":159,"column":40}},"159":{"start":{"line":160,"column":0},"end":{"line":160,"column":20}},"160":{"start":{"line":161,"column":0},"end":{"line":161,"column":1}},"161":{"start":{"line":162,"column":0},"end":{"line":162,"column":0}},"162":{"start":{"line":163,"column":0},"end":{"line":163,"column":3}},"163":{"start":{"line":164,"column":0},"end":{"line":164,"column":40}},"164":{"start":{"line":165,"column":0},"end":{"line":165,"column":3}},"165":{"start":{"line":166,"column":0},"end":{"line":166,"column":95}},"166":{"start":{"line":167,"column":0},"end":{"line":167,"column":36}},"167":{"start":{"line":168,"column":0},"end":{"line":168,"column":35}},"168":{"start":{"line":169,"column":0},"end":{"line":169,"column":84}},"169":{"start":{"line":170,"column":0},"end":{"line":170,"column":5}},"170":{"start":{"line":171,"column":0},"end":{"line":171,"column":1}},"171":{"start":{"line":172,"column":0},"end":{"line":172,"column":0}},"172":{"start":{"line":173,"column":0},"end":{"line":173,"column":3}},"173":{"start":{"line":174,"column":0},"end":{"line":174,"column":27}},"174":{"start":{"line":175,"column":0},"end":{"line":175,"column":3}},"175":{"start":{"line":176,"column":0},"end":{"line":176,"column":43}},"176":{"start":{"line":177,"column":0},"end":{"line":177,"column":36}},"177":{"start":{"line":178,"column":0},"end":{"line":178,"column":44}},"178":{"start":{"line":179,"column":0},"end":{"line":179,"column":1}},"179":{"start":{"line":180,"column":0},"end":{"line":180,"column":0}},"180":{"start":{"line":181,"column":0},"end":{"line":181,"column":3}},"181":{"start":{"line":182,"column":0},"end":{"line":182,"column":29}},"182":{"start":{"line":183,"column":0},"end":{"line":183,"column":3}},"183":{"start":{"line":184,"column":0},"end":{"line":184,"column":100}},"184":{"start":{"line":185,"column":0},"end":{"line":185,"column":7}},"185":{"start":{"line":186,"column":0},"end":{"line":186,"column":65}},"186":{"start":{"line":187,"column":0},"end":{"line":187,"column":0}},"187":{"start":{"line":188,"column":0},"end":{"line":188,"column":44}},"188":{"start":{"line":189,"column":0},"end":{"line":189,"column":54}},"189":{"start":{"line":190,"column":0},"end":{"line":190,"column":5}},"190":{"start":{"line":191,"column":0},"end":{"line":191,"column":0}},"191":{"start":{"line":192,"column":0},"end":{"line":192,"column":29}},"192":{"start":{"line":193,"column":0},"end":{"line":193,"column":39}},"193":{"start":{"line":194,"column":0},"end":{"line":194,"column":31}},"194":{"start":{"line":195,"column":0},"end":{"line":195,"column":12}},"195":{"start":{"line":196,"column":0},"end":{"line":196,"column":44}},"196":{"start":{"line":197,"column":0},"end":{"line":197,"column":39}},"197":{"start":{"line":198,"column":0},"end":{"line":198,"column":61}},"198":{"start":{"line":199,"column":0},"end":{"line":199,"column":83}},"199":{"start":{"line":200,"column":0},"end":{"line":200,"column":52}},"200":{"start":{"line":201,"column":0},"end":{"line":201,"column":28}},"201":{"start":{"line":202,"column":0},"end":{"line":202,"column":20}},"202":{"start":{"line":203,"column":0},"end":{"line":203,"column":5}},"203":{"start":{"line":204,"column":0},"end":{"line":204,"column":19}},"204":{"start":{"line":205,"column":0},"end":{"line":205,"column":55}},"205":{"start":{"line":206,"column":0},"end":{"line":206,"column":16}},"206":{"start":{"line":207,"column":0},"end":{"line":207,"column":3}},"207":{"start":{"line":208,"column":0},"end":{"line":208,"column":1}}},"s":{"0":1,"1":1,"2":1,"3":1,"4":1,"5":1,"6":1,"7":2707,"8":2707,"9":2707,"10":0,"11":0,"12":2707,"13":1,"14":1,"15":1,"16":1,"17":1511,"18":1511,"19":1511,"20":1511,"21":1511,"22":1511,"23":1511,"24":1511,"25":0,"26":0,"27":0,"28":0,"29":1,"30":1,"31":1,"32":1,"33":1196,"34":1196,"35":1196,"36":1196,"37":1196,"38":0,"39":0,"40":1196,"41":1,"42":1,"43":1,"44":1,"45":988,"46":988,"47":988,"48":1,"49":1,"50":1,"51":1,"52":1,"53":988,"54":988,"55":988,"56":988,"57":988,"58":988,"59":988,"60":988,"61":988,"62":988,"63":988,"64":988,"65":988,"66":988,"67":988,"68":988,"69":1,"70":1,"71":1,"72":1,"73":1,"74":52,"75":52,"76":52,"77":52,"78":52,"79":51,"80":51,"81":51,"82":1,"83":1,"84":1,"85":1,"86":1,"87":1,"88":103,"89":103,"90":103,"91":1,"92":1,"93":1,"94":1,"95":2,"96":2,"97":2,"98":2,"99":1,"100":1,"101":1,"102":1,"103":104,"104":104,"105":104,"106":104,"107":104,"108":104,"109":107,"110":54,"111":4,"112":104,"113":104,"114":1,"115":1,"116":1,"117":1,"118":1,"119":104,"120":104,"121":104,"122":104,"123":1,"124":1,"125":103,"126":103,"127":103,"128":103,"129":103,"130":103,"131":103,"132":103,"133":103,"134":103,"135":103,"136":103,"137":103,"138":1,"139":1,"140":1,"141":1,"142":102,"143":102,"144":102,"145":102,"146":1,"147":1,"148":1,"149":1,"150":1,"151":1,"152":1,"153":1,"154":1,"155":1,"156":1,"157":1,"158":1,"159":1,"160":1,"161":1,"162":1,"163":1,"164":1,"165":2,"166":2,"167":2,"168":2,"169":2,"170":2,"171":1,"172":1,"173":1,"174":1,"175":1,"176":51,"177":51,"178":51,"179":1,"180":1,"181":1,"182":1,"183":1,"184":54,"185":54,"186":54,"187":54,"188":0,"189":0,"190":53,"191":54,"192":51,"193":51,"194":54,"195":2,"196":2,"197":2,"198":2,"199":2,"200":2,"201":2,"202":2,"203":54,"204":1,"205":1,"206":1,"207":54},"branchMap":{"0":{"type":"branch","line":5,"loc":{"start":{"line":5,"column":45},"end":{"line":5,"column":76}},"locations":[{"start":{"line":5,"column":45},"end":{"line":5,"column":76}}]},"1":{"type":"branch","line":5,"loc":{"start":{"line":5,"column":68},"end":{"line":5,"column":81}},"locations":[{"start":{"line":5,"column":68},"end":{"line":5,"column":81}}]},"2":{"type":"branch","line":5,"loc":{"start":{"line":5,"column":45},"end":{"line":5,"column":76}},"locations":[{"start":{"line":5,"column":45},"end":{"line":5,"column":76}}]},"3":{"type":"branch","line":5,"loc":{"start":{"line":5,"column":68},"end":{"line":5,"column":81}},"locations":[{"start":{"line":5,"column":68},"end":{"line":5,"column":81}}]},"4":{"type":"branch","line":8,"loc":{"start":{"line":8,"column":0},"end":{"line":13,"column":1}},"locations":[{"start":{"line":8,"column":0},"end":{"line":13,"column":1}}]},"5":{"type":"branch","line":10,"loc":{"start":{"line":10,"column":27},"end":{"line":12,"column":3}},"locations":[{"start":{"line":10,"column":27},"end":{"line":12,"column":3}}]},"6":{"type":"branch","line":18,"loc":{"start":{"line":18,"column":0},"end":{"line":29,"column":1}},"locations":[{"start":{"line":18,"column":0},"end":{"line":29,"column":1}}]},"7":{"type":"branch","line":25,"loc":{"start":{"line":25,"column":2},"end":{"line":29,"column":1}},"locations":[{"start":{"line":25,"column":2},"end":{"line":29,"column":1}}]},"8":{"type":"branch","line":34,"loc":{"start":{"line":34,"column":0},"end":{"line":41,"column":1}},"locations":[{"start":{"line":34,"column":0},"end":{"line":41,"column":1}}]},"9":{"type":"branch","line":38,"loc":{"start":{"line":38,"column":2},"end":{"line":40,"column":3}},"locations":[{"start":{"line":38,"column":2},"end":{"line":40,"column":3}}]},"10":{"type":"branch","line":46,"loc":{"start":{"line":46,"column":0},"end":{"line":48,"column":1}},"locations":[{"start":{"line":46,"column":0},"end":{"line":48,"column":1}}]},"11":{"type":"branch","line":53,"loc":{"start":{"line":53,"column":7},"end":{"line":69,"column":1}},"locations":[{"start":{"line":53,"column":7},"end":{"line":69,"column":1}}]},"12":{"type":"branch","line":63,"loc":{"start":{"line":63,"column":10},"end":{"line":63,"column":21}},"locations":[{"start":{"line":63,"column":10},"end":{"line":63,"column":21}}]},"13":{"type":"branch","line":74,"loc":{"start":{"line":74,"column":7},"end":{"line":84,"column":1}},"locations":[{"start":{"line":74,"column":7},"end":{"line":84,"column":1}}]},"14":{"type":"branch","line":79,"loc":{"start":{"line":79,"column":39},"end":{"line":84,"column":1}},"locations":[{"start":{"line":79,"column":39},"end":{"line":84,"column":1}}]},"15":{"type":"branch","line":82,"loc":{"start":{"line":82,"column":2},"end":{"line":84,"column":1}},"locations":[{"start":{"line":82,"column":2},"end":{"line":84,"column":1}}]},"16":{"type":"branch","line":77,"loc":{"start":{"line":77,"column":36},"end":{"line":77,"column":52}},"locations":[{"start":{"line":77,"column":36},"end":{"line":77,"column":52}}]},"17":{"type":"branch","line":89,"loc":{"start":{"line":89,"column":0},"end":{"line":91,"column":1}},"locations":[{"start":{"line":89,"column":0},"end":{"line":91,"column":1}}]},"18":{"type":"branch","line":96,"loc":{"start":{"line":96,"column":0},"end":{"line":99,"column":1}},"locations":[{"start":{"line":96,"column":0},"end":{"line":99,"column":1}}]},"19":{"type":"branch","line":98,"loc":{"start":{"line":98,"column":40},"end":{"line":98,"column":50}},"locations":[{"start":{"line":98,"column":40},"end":{"line":98,"column":50}}]},"20":{"type":"branch","line":98,"loc":{"start":{"line":98,"column":24},"end":{"line":98,"column":40}},"locations":[{"start":{"line":98,"column":24},"end":{"line":98,"column":40}}]},"21":{"type":"branch","line":104,"loc":{"start":{"line":104,"column":0},"end":{"line":114,"column":1}},"locations":[{"start":{"line":104,"column":0},"end":{"line":114,"column":1}}]},"22":{"type":"branch","line":109,"loc":{"start":{"line":109,"column":4},"end":{"line":112,"column":76}},"locations":[{"start":{"line":109,"column":4},"end":{"line":112,"column":76}}]},"23":{"type":"branch","line":110,"loc":{"start":{"line":110,"column":45},"end":{"line":111,"column":51}},"locations":[{"start":{"line":110,"column":45},"end":{"line":111,"column":51}}]},"24":{"type":"branch","line":111,"loc":{"start":{"line":111,"column":47},"end":{"line":112,"column":76}},"locations":[{"start":{"line":111,"column":47},"end":{"line":112,"column":76}}]},"25":{"type":"branch","line":112,"loc":{"start":{"line":112,"column":9},"end":{"line":112,"column":76}},"locations":[{"start":{"line":112,"column":9},"end":{"line":112,"column":76}}]},"26":{"type":"branch","line":112,"loc":{"start":{"line":112,"column":29},"end":{"line":112,"column":74}},"locations":[{"start":{"line":112,"column":29},"end":{"line":112,"column":74}}]},"27":{"type":"branch","line":119,"loc":{"start":{"line":119,"column":7},"end":{"line":138,"column":1}},"locations":[{"start":{"line":119,"column":7},"end":{"line":138,"column":1}}]},"28":{"type":"branch","line":123,"loc":{"start":{"line":123,"column":20},"end":{"line":125,"column":3}},"locations":[{"start":{"line":123,"column":20},"end":{"line":125,"column":3}}]},"29":{"type":"branch","line":125,"loc":{"start":{"line":125,"column":2},"end":{"line":138,"column":1}},"locations":[{"start":{"line":125,"column":2},"end":{"line":138,"column":1}}]},"30":{"type":"branch","line":121,"loc":{"start":{"line":121,"column":36},"end":{"line":121,"column":52}},"locations":[{"start":{"line":121,"column":36},"end":{"line":121,"column":52}}]},"31":{"type":"branch","line":143,"loc":{"start":{"line":143,"column":0},"end":{"line":146,"column":1}},"locations":[{"start":{"line":143,"column":0},"end":{"line":146,"column":1}}]},"32":{"type":"branch","line":145,"loc":{"start":{"line":145,"column":24},"end":{"line":145,"column":42}},"locations":[{"start":{"line":145,"column":24},"end":{"line":145,"column":42}}]},"33":{"type":"branch","line":151,"loc":{"start":{"line":151,"column":0},"end":{"line":154,"column":1}},"locations":[{"start":{"line":151,"column":0},"end":{"line":154,"column":1}}]},"34":{"type":"branch","line":153,"loc":{"start":{"line":153,"column":26},"end":{"line":153,"column":61}},"locations":[{"start":{"line":153,"column":26},"end":{"line":153,"column":61}}]},"35":{"type":"branch","line":159,"loc":{"start":{"line":159,"column":7},"end":{"line":161,"column":1}},"locations":[{"start":{"line":159,"column":7},"end":{"line":161,"column":1}}]},"36":{"type":"branch","line":166,"loc":{"start":{"line":166,"column":0},"end":{"line":171,"column":1}},"locations":[{"start":{"line":166,"column":0},"end":{"line":171,"column":1}}]},"37":{"type":"branch","line":168,"loc":{"start":{"line":168,"column":24},"end":{"line":170,"column":3}},"locations":[{"start":{"line":168,"column":24},"end":{"line":170,"column":3}}]},"38":{"type":"branch","line":169,"loc":{"start":{"line":169,"column":21},"end":{"line":169,"column":58}},"locations":[{"start":{"line":169,"column":21},"end":{"line":169,"column":58}}]},"39":{"type":"branch","line":169,"loc":{"start":{"line":169,"column":46},"end":{"line":169,"column":84}},"locations":[{"start":{"line":169,"column":46},"end":{"line":169,"column":84}}]},"40":{"type":"branch","line":176,"loc":{"start":{"line":176,"column":7},"end":{"line":179,"column":1}},"locations":[{"start":{"line":176,"column":7},"end":{"line":179,"column":1}}]},"41":{"type":"branch","line":184,"loc":{"start":{"line":184,"column":7},"end":{"line":208,"column":1}},"locations":[{"start":{"line":184,"column":7},"end":{"line":208,"column":1}}]},"42":{"type":"branch","line":188,"loc":{"start":{"line":188,"column":43},"end":{"line":190,"column":5}},"locations":[{"start":{"line":188,"column":43},"end":{"line":190,"column":5}}]},"43":{"type":"branch","line":190,"loc":{"start":{"line":190,"column":4},"end":{"line":192,"column":28}},"locations":[{"start":{"line":190,"column":4},"end":{"line":192,"column":28}}]},"44":{"type":"branch","line":192,"loc":{"start":{"line":192,"column":28},"end":{"line":195,"column":11}},"locations":[{"start":{"line":192,"column":28},"end":{"line":195,"column":11}}]},"45":{"type":"branch","line":195,"loc":{"start":{"line":195,"column":4},"end":{"line":203,"column":5}},"locations":[{"start":{"line":195,"column":4},"end":{"line":203,"column":5}}]},"46":{"type":"branch","line":204,"loc":{"start":{"line":204,"column":2},"end":{"line":207,"column":3}},"locations":[{"start":{"line":204,"column":2},"end":{"line":207,"column":3}}]},"47":{"type":"branch","line":198,"loc":{"start":{"line":198,"column":48},"end":{"line":198,"column":58}},"locations":[{"start":{"line":198,"column":48},"end":{"line":198,"column":58}}]},"48":{"type":"branch","line":199,"loc":{"start":{"line":199,"column":52},"end":{"line":199,"column":81}},"locations":[{"start":{"line":199,"column":52},"end":{"line":199,"column":81}}]}},"b":{"0":[0],"1":[0],"2":[0],"3":[0],"4":[2707],"5":[0],"6":[1511],"7":[0],"8":[1196],"9":[0],"10":[988],"11":[988],"12":[785],"13":[52],"14":[51],"15":[1],"16":[265],"17":[103],"18":[2],"19":[1],"20":[1],"21":[104],"22":[107],"23":[54],"24":[4],"25":[2],"26":[2],"27":[104],"28":[1],"29":[103],"30":[103],"31":[102],"32":[101],"33":[1],"34":[2],"35":[1],"36":[2],"37":[2],"38":[1],"39":[1],"40":[51],"41":[54],"42":[0],"43":[53],"44":[51],"45":[2],"46":[1],"47":[2],"48":[2]},"fnMap":{"0":{"name":"ensureDir","decl":{"start":{"line":8,"column":0},"end":{"line":13,"column":1}},"loc":{"start":{"line":8,"column":0},"end":{"line":13,"column":1}},"line":8},"1":{"name":"loadBookmarks","decl":{"start":{"line":18,"column":0},"end":{"line":29,"column":1}},"loc":{"start":{"line":18,"column":0},"end":{"line":29,"column":1}},"line":18},"2":{"name":"saveBookmarks","decl":{"start":{"line":34,"column":0},"end":{"line":41,"column":1}},"loc":{"start":{"line":34,"column":0},"end":{"line":41,"column":1}},"line":34},"3":{"name":"generateId","decl":{"start":{"line":46,"column":0},"end":{"line":48,"column":1}},"loc":{"start":{"line":46,"column":0},"end":{"line":48,"column":1}},"line":46},"4":{"name":"addBookmark","decl":{"start":{"line":53,"column":7},"end":{"line":69,"column":1}},"loc":{"start":{"line":53,"column":7},"end":{"line":69,"column":1}},"line":53},"5":{"name":"removeBookmark","decl":{"start":{"line":74,"column":7},"end":{"line":84,"column":1}},"loc":{"start":{"line":74,"column":7},"end":{"line":84,"column":1}},"line":74},"6":{"name":"getAllBookmarks","decl":{"start":{"line":89,"column":0},"end":{"line":91,"column":1}},"loc":{"start":{"line":89,"column":0},"end":{"line":91,"column":1}},"line":89},"7":{"name":"getBookmarkById","decl":{"start":{"line":96,"column":0},"end":{"line":99,"column":1}},"loc":{"start":{"line":96,"column":0},"end":{"line":99,"column":1}},"line":96},"8":{"name":"searchBookmarks","decl":{"start":{"line":104,"column":0},"end":{"line":114,"column":1}},"loc":{"start":{"line":104,"column":0},"end":{"line":114,"column":1}},"line":104},"9":{"name":"updateBookmark","decl":{"start":{"line":119,"column":7},"end":{"line":138,"column":1}},"loc":{"start":{"line":119,"column":7},"end":{"line":138,"column":1}},"line":119},"10":{"name":"isBookmarked","decl":{"start":{"line":143,"column":0},"end":{"line":146,"column":1}},"loc":{"start":{"line":143,"column":0},"end":{"line":146,"column":1}},"line":143},"11":{"name":"getBookmarksByTag","decl":{"start":{"line":151,"column":0},"end":{"line":154,"column":1}},"loc":{"start":{"line":151,"column":0},"end":{"line":154,"column":1}},"line":151},"12":{"name":"clearBookmarks","decl":{"start":{"line":159,"column":7},"end":{"line":161,"column":1}},"loc":{"start":{"line":159,"column":7},"end":{"line":161,"column":1}},"line":159},"13":{"name":"getBookmarksSorted","decl":{"start":{"line":166,"column":0},"end":{"line":171,"column":1}},"loc":{"start":{"line":166,"column":0},"end":{"line":171,"column":1}},"line":166},"14":{"name":"exportBookmarks","decl":{"start":{"line":176,"column":7},"end":{"line":179,"column":1}},"loc":{"start":{"line":176,"column":7},"end":{"line":179,"column":1}},"line":176},"15":{"name":"importBookmarks","decl":{"start":{"line":184,"column":7},"end":{"line":208,"column":1}},"loc":{"start":{"line":184,"column":7},"end":{"line":208,"column":1}},"line":184}},"f":{"0":2707,"1":1511,"2":1196,"3":988,"4":988,"5":52,"6":103,"7":2,"8":104,"9":104,"10":102,"11":1,"12":1,"13":2,"14":51,"15":54}}
,"D:\\Projects\\Arc\\src\\core\\dataManager.ts": {"path":"D:\\Projects\\Arc\\src\\core\\dataManager.ts","all":false,"statementMap":{"0":{"start":{"line":1,"column":0},"end":{"line":1,"column":47}},"1":{"start":{"line":2,"column":0},"end":{"line":2,"column":49}},"2":{"start":{"line":3,"column":0},"end":{"line":3,"column":49}},"3":{"start":{"line":4,"column":0},"end":{"line":4,"column":49}},"4":{"start":{"line":5,"column":0},"end":{"line":5,"column":0}},"5":{"start":{"line":6,"column":0},"end":{"line":6,"column":29}},"6":{"start":{"line":7,"column":0},"end":{"line":7,"column":18}},"7":{"start":{"line":8,"column":0},"end":{"line":8,"column":20}},"8":{"start":{"line":9,"column":0},"end":{"line":9,"column":76}},"9":{"start":{"line":10,"column":0},"end":{"line":10,"column":82}},"10":{"start":{"line":11,"column":0},"end":{"line":11,"column":70}},"11":{"start":{"line":12,"column":0},"end":{"line":12,"column":36}},"12":{"start":{"line":13,"column":0},"end":{"line":13,"column":1}},"13":{"start":{"line":14,"column":0},"end":{"line":14,"column":0}},"14":{"start":{"line":15,"column":0},"end":{"line":15,"column":45}},"15":{"start":{"line":16,"column":0},"end":{"line":16,"column":0}},"16":{"start":{"line":17,"column":0},"end":{"line":17,"column":3}},"17":{"start":{"line":18,"column":0},"end":{"line":18,"column":35}},"18":{"start":{"line":19,"column":0},"end":{"line":19,"column":3}},"19":{"start":{"line":20,"column":0},"end":{"line":20,"column":57}},"20":{"start":{"line":21,"column":0},"end":{"line":21,"column":53}},"21":{"start":{"line":22,"column":0},"end":{"line":22,"column":56}},"22":{"start":{"line":23,"column":0},"end":{"line":23,"column":58}},"23":{"start":{"line":24,"column":0},"end":{"line":24,"column":47}},"24":{"start":{"line":25,"column":0},"end":{"line":25,"column":0}},"25":{"start":{"line":26,"column":0},"end":{"line":26,"column":10}},"26":{"start":{"line":27,"column":0},"end":{"line":27,"column":21}},"27":{"start":{"line":28,"column":0},"end":{"line":28,"column":26}},"28":{"start":{"line":29,"column":0},"end":{"line":29,"column":36}},"29":{"start":{"line":30,"column":0},"end":{"line":30,"column":21}},"30":{"start":{"line":31,"column":0},"end":{"line":31,"column":25}},"31":{"start":{"line":32,"column":0},"end":{"line":32,"column":35}},"32":{"start":{"line":33,"column":0},"end":{"line":33,"column":8}},"33":{"start":{"line":34,"column":0},"end":{"line":34,"column":38}},"34":{"start":{"line":35,"column":0},"end":{"line":35,"column":21}},"35":{"start":{"line":36,"column":0},"end":{"line":36,"column":25}},"36":{"start":{"line":37,"column":0},"end":{"line":37,"column":35}},"37":{"start":{"line":38,"column":0},"end":{"line":38,"column":8}},"38":{"start":{"line":39,"column":0},"end":{"line":39,"column":40}},"39":{"start":{"line":40,"column":0},"end":{"line":40,"column":21}},"40":{"start":{"line":41,"column":0},"end":{"line":41,"column":25}},"41":{"start":{"line":42,"column":0},"end":{"line":42,"column":33}},"42":{"start":{"line":43,"column":0},"end":{"line":43,"column":8}},"43":{"start":{"line":44,"column":0},"end":{"line":44,"column":61}},"44":{"start":{"line":45,"column":0},"end":{"line":45,"column":4}},"45":{"start":{"line":46,"column":0},"end":{"line":46,"column":1}},"46":{"start":{"line":47,"column":0},"end":{"line":47,"column":0}},"47":{"start":{"line":48,"column":0},"end":{"line":48,"column":3}},"48":{"start":{"line":49,"column":0},"end":{"line":49,"column":30}},"49":{"start":{"line":50,"column":0},"end":{"line":50,"column":3}},"50":{"start":{"line":51,"column":0},"end":{"line":51,"column":71}},"51":{"start":{"line":52,"column":0},"end":{"line":52,"column":42}},"52":{"start":{"line":53,"column":0},"end":{"line":53,"column":17}},"53":{"start":{"line":54,"column":0},"end":{"line":54,"column":3}},"54":{"start":{"line":55,"column":0},"end":{"line":55,"column":0}},"55":{"start":{"line":56,"column":0},"end":{"line":56,"column":46}},"56":{"start":{"line":57,"column":0},"end":{"line":57,"column":0}},"57":{"start":{"line":58,"column":0},"end":{"line":58,"column":26}},"58":{"start":{"line":59,"column":0},"end":{"line":59,"column":40}},"59":{"start":{"line":60,"column":0},"end":{"line":60,"column":17}},"60":{"start":{"line":61,"column":0},"end":{"line":61,"column":3}},"61":{"start":{"line":62,"column":0},"end":{"line":62,"column":0}},"62":{"start":{"line":63,"column":0},"end":{"line":63,"column":64}},"63":{"start":{"line":64,"column":0},"end":{"line":64,"column":17}},"64":{"start":{"line":65,"column":0},"end":{"line":65,"column":3}},"65":{"start":{"line":66,"column":0},"end":{"line":66,"column":0}},"66":{"start":{"line":67,"column":0},"end":{"line":67,"column":17}},"67":{"start":{"line":68,"column":0},"end":{"line":68,"column":36}},"68":{"start":{"line":69,"column":0},"end":{"line":69,"column":17}},"69":{"start":{"line":70,"column":0},"end":{"line":70,"column":3}},"70":{"start":{"line":71,"column":0},"end":{"line":71,"column":0}},"71":{"start":{"line":72,"column":0},"end":{"line":72,"column":37}},"72":{"start":{"line":73,"column":0},"end":{"line":73,"column":17}},"73":{"start":{"line":74,"column":0},"end":{"line":74,"column":3}},"74":{"start":{"line":75,"column":0},"end":{"line":75,"column":0}},"75":{"start":{"line":76,"column":0},"end":{"line":76,"column":38}},"76":{"start":{"line":77,"column":0},"end":{"line":77,"column":17}},"77":{"start":{"line":78,"column":0},"end":{"line":78,"column":3}},"78":{"start":{"line":79,"column":0},"end":{"line":79,"column":0}},"79":{"start":{"line":80,"column":0},"end":{"line":80,"column":66}},"80":{"start":{"line":81,"column":0},"end":{"line":81,"column":17}},"81":{"start":{"line":82,"column":0},"end":{"line":82,"column":3}},"82":{"start":{"line":83,"column":0},"end":{"line":83,"column":0}},"83":{"start":{"line":84,"column":0},"end":{"line":84,"column":29}},"84":{"start":{"line":85,"column":0},"end":{"line":85,"column":49}},"85":{"start":{"line":86,"column":0},"end":{"line":86,"column":54}},"86":{"start":{"line":87,"column":0},"end":{"line":87,"column":19}},"87":{"start":{"line":88,"column":0},"end":{"line":88,"column":5}},"88":{"start":{"line":89,"column":0},"end":{"line":89,"column":47}},"89":{"start":{"line":90,"column":0},"end":{"line":90,"column":125}},"90":{"start":{"line":91,"column":0},"end":{"line":91,"column":19}},"91":{"start":{"line":92,"column":0},"end":{"line":92,"column":5}},"92":{"start":{"line":93,"column":0},"end":{"line":93,"column":3}},"93":{"start":{"line":94,"column":0},"end":{"line":94,"column":0}},"94":{"start":{"line":95,"column":0},"end":{"line":95,"column":30}},"95":{"start":{"line":96,"column":0},"end":{"line":96,"column":50}},"96":{"start":{"line":97,"column":0},"end":{"line":97,"column":54}},"97":{"start":{"line":98,"column":0},"end":{"line":98,"column":19}},"98":{"start":{"line":99,"column":0},"end":{"line":99,"column":5}},"99":{"start":{"line":100,"column":0},"end":{"line":100,"column":47}},"100":{"start":{"line":101,"column":0},"end":{"line":101,"column":121}},"101":{"start":{"line":102,"column":0},"end":{"line":102,"column":19}},"102":{"start":{"line":103,"column":0},"end":{"line":103,"column":5}},"103":{"start":{"line":104,"column":0},"end":{"line":104,"column":3}},"104":{"start":{"line":105,"column":0},"end":{"line":105,"column":0}},"105":{"start":{"line":106,"column":0},"end":{"line":106,"column":30}},"106":{"start":{"line":107,"column":0},"end":{"line":107,"column":51}},"107":{"start":{"line":108,"column":0},"end":{"line":108,"column":54}},"108":{"start":{"line":109,"column":0},"end":{"line":109,"column":19}},"109":{"start":{"line":110,"column":0},"end":{"line":110,"column":5}},"110":{"start":{"line":111,"column":0},"end":{"line":111,"column":47}},"111":{"start":{"line":112,"column":0},"end":{"line":112,"column":102}},"112":{"start":{"line":113,"column":0},"end":{"line":113,"column":19}},"113":{"start":{"line":114,"column":0},"end":{"line":114,"column":5}},"114":{"start":{"line":115,"column":0},"end":{"line":115,"column":3}},"115":{"start":{"line":116,"column":0},"end":{"line":116,"column":0}},"116":{"start":{"line":117,"column":0},"end":{"line":117,"column":14}},"117":{"start":{"line":118,"column":0},"end":{"line":118,"column":1}},"118":{"start":{"line":119,"column":0},"end":{"line":119,"column":0}},"119":{"start":{"line":120,"column":0},"end":{"line":120,"column":3}},"120":{"start":{"line":121,"column":0},"end":{"line":121,"column":41}},"121":{"start":{"line":122,"column":0},"end":{"line":122,"column":3}},"122":{"start":{"line":123,"column":0},"end":{"line":123,"column":95}},"123":{"start":{"line":124,"column":0},"end":{"line":124,"column":34}},"124":{"start":{"line":125,"column":0},"end":{"line":125,"column":50}},"125":{"start":{"line":126,"column":0},"end":{"line":126,"column":3}},"126":{"start":{"line":127,"column":0},"end":{"line":127,"column":0}},"127":{"start":{"line":128,"column":0},"end":{"line":128,"column":27}},"128":{"start":{"line":129,"column":0},"end":{"line":129,"column":26}},"129":{"start":{"line":130,"column":0},"end":{"line":130,"column":32}},"130":{"start":{"line":131,"column":0},"end":{"line":131,"column":34}},"131":{"start":{"line":132,"column":0},"end":{"line":132,"column":35}},"132":{"start":{"line":133,"column":0},"end":{"line":133,"column":3}},"133":{"start":{"line":134,"column":0},"end":{"line":134,"column":0}},"134":{"start":{"line":135,"column":0},"end":{"line":135,"column":19}},"135":{"start":{"line":136,"column":0},"end":{"line":136,"column":37}},"136":{"start":{"line":137,"column":0},"end":{"line":137,"column":63}},"137":{"start":{"line":138,"column":0},"end":{"line":138,"column":3}},"138":{"start":{"line":139,"column":0},"end":{"line":139,"column":0}},"139":{"start":{"line":140,"column":0},"end":{"line":140,"column":20}},"140":{"start":{"line":141,"column":0},"end":{"line":141,"column":38}},"141":{"start":{"line":142,"column":0},"end":{"line":142,"column":54}},"142":{"start":{"line":143,"column":0},"end":{"line":143,"column":3}},"143":{"start":{"line":144,"column":0},"end":{"line":144,"column":0}},"144":{"start":{"line":145,"column":0},"end":{"line":145,"column":21}},"145":{"start":{"line":146,"column":0},"end":{"line":146,"column":39}},"146":{"start":{"line":147,"column":0},"end":{"line":147,"column":54}},"147":{"start":{"line":148,"column":0},"end":{"line":148,"column":3}},"148":{"start":{"line":149,"column":0},"end":{"line":149,"column":0}},"149":{"start":{"line":150,"column":0},"end":{"line":150,"column":51}},"150":{"start":{"line":151,"column":0},"end":{"line":151,"column":25}},"151":{"start":{"line":152,"column":0},"end":{"line":152,"column":61}},"152":{"start":{"line":153,"column":0},"end":{"line":153,"column":49}},"153":{"start":{"line":154,"column":0},"end":{"line":154,"column":10}},"154":{"start":{"line":155,"column":0},"end":{"line":155,"column":47}},"155":{"start":{"line":156,"column":0},"end":{"line":156,"column":34}},"156":{"start":{"line":157,"column":0},"end":{"line":157,"column":61}},"157":{"start":{"line":158,"column":0},"end":{"line":158,"column":49}},"158":{"start":{"line":159,"column":0},"end":{"line":159,"column":3}},"159":{"start":{"line":160,"column":0},"end":{"line":160,"column":1}}},"s":{"0":1,"1":1,"2":1,"3":1,"4":1,"5":1,"6":1,"7":1,"8":1,"9":1,"10":1,"11":1,"12":1,"13":1,"14":1,"15":1,"16":1,"17":1,"18":1,"19":102,"20":102,"21":102,"22":102,"23":102,"24":102,"25":102,"26":102,"27":102,"28":102,"29":238,"30":238,"31":238,"32":102,"33":102,"34":244,"35":244,"36":244,"37":102,"38":102,"39":260,"40":260,"41":260,"42":102,"43":102,"44":102,"45":102,"46":1,"47":1,"48":1,"49":1,"50":1,"51":614,"52":67,"53":67,"54":547,"55":547,"56":547,"57":547,"58":614,"59":17,"60":17,"61":530,"62":614,"63":10,"64":10,"65":520,"66":520,"67":614,"68":9,"69":9,"70":511,"71":614,"72":0,"73":0,"74":511,"75":614,"76":0,"77":0,"78":511,"79":614,"80":1,"81":1,"82":510,"83":510,"84":614,"85":1407,"86":0,"87":0,"88":1407,"89":1407,"90":1,"91":1,"92":1407,"93":509,"94":509,"95":614,"96":1489,"97":0,"98":0,"99":1489,"100":1489,"101":1,"102":1,"103":1489,"104":508,"105":508,"106":614,"107":1513,"108":0,"109":0,"110":1513,"111":1513,"112":1,"113":1,"114":1513,"115":507,"116":507,"117":507,"118":1,"119":1,"120":1,"121":1,"122":106,"123":106,"124":1,"125":1,"126":105,"127":106,"128":2,"129":2,"130":2,"131":2,"132":2,"133":105,"134":105,"135":106,"136":241,"137":241,"138":105,"139":105,"140":106,"141":246,"142":246,"143":105,"144":105,"145":106,"146":262,"147":262,"148":105,"149":105,"150":106,"151":103,"152":103,"153":106,"154":2,"155":2,"156":2,"157":2,"158":2,"159":106},"branchMap":{"0":{"type":"branch","line":20,"loc":{"start":{"line":20,"column":0},"end":{"line":46,"column":1}},"locations":[{"start":{"line":20,"column":0},"end":{"line":46,"column":1}}]},"1":{"type":"branch","line":29,"loc":{"start":{"line":29,"column":25},"end":{"line":33,"column":6}},"locations":[{"start":{"line":29,"column":25},"end":{"line":33,"column":6}}]},"2":{"type":"branch","line":34,"loc":{"start":{"line":34,"column":27},"end":{"line":38,"column":6}},"locations":[{"start":{"line":34,"column":27},"end":{"line":38,"column":6}}]},"3":{"type":"branch","line":39,"loc":{"start":{"line":39,"column":29},"end":{"line":43,"column":6}},"locations":[{"start":{"line":39,"column":29},"end":{"line":43,"column":6}}]},"4":{"type":"branch","line":51,"loc":{"start":{"line":51,"column":7},"end":{"line":118,"column":1}},"locations":[{"start":{"line":51,"column":7},"end":{"line":118,"column":1}}]},"5":{"type":"branch","line":52,"loc":{"start":{"line":52,"column":7},"end":{"line":52,"column":41}},"locations":[{"start":{"line":52,"column":7},"end":{"line":52,"column":41}}]},"6":{"type":"branch","line":52,"loc":{"start":{"line":52,"column":41},"end":{"line":54,"column":3}},"locations":[{"start":{"line":52,"column":41},"end":{"line":54,"column":3}}]},"7":{"type":"branch","line":54,"loc":{"start":{"line":54,"column":2},"end":{"line":59,"column":39}},"locations":[{"start":{"line":54,"column":2},"end":{"line":59,"column":39}}]},"8":{"type":"branch","line":59,"loc":{"start":{"line":59,"column":39},"end":{"line":61,"column":3}},"locations":[{"start":{"line":59,"column":39},"end":{"line":61,"column":3}}]},"9":{"type":"branch","line":61,"loc":{"start":{"line":61,"column":2},"end":{"line":63,"column":63}},"locations":[{"start":{"line":61,"column":2},"end":{"line":63,"column":63}}]},"10":{"type":"branch","line":63,"loc":{"start":{"line":63,"column":63},"end":{"line":65,"column":3}},"locations":[{"start":{"line":63,"column":63},"end":{"line":65,"column":3}}]},"11":{"type":"branch","line":65,"loc":{"start":{"line":65,"column":2},"end":{"line":68,"column":35}},"locations":[{"start":{"line":65,"column":2},"end":{"line":68,"column":35}}]},"12":{"type":"branch","line":68,"loc":{"start":{"line":68,"column":35},"end":{"line":70,"column":3}},"locations":[{"start":{"line":68,"column":35},"end":{"line":70,"column":3}}]},"13":{"type":"branch","line":70,"loc":{"start":{"line":70,"column":2},"end":{"line":72,"column":36}},"locations":[{"start":{"line":70,"column":2},"end":{"line":72,"column":36}}]},"14":{"type":"branch","line":72,"loc":{"start":{"line":72,"column":36},"end":{"line":74,"column":3}},"locations":[{"start":{"line":72,"column":36},"end":{"line":74,"column":3}}]},"15":{"type":"branch","line":74,"loc":{"start":{"line":74,"column":2},"end":{"line":76,"column":37}},"locations":[{"start":{"line":74,"column":2},"end":{"line":76,"column":37}}]},"16":{"type":"branch","line":76,"loc":{"start":{"line":76,"column":37},"end":{"line":78,"column":3}},"locations":[{"start":{"line":76,"column":37},"end":{"line":78,"column":3}}]},"17":{"type":"branch","line":78,"loc":{"start":{"line":78,"column":2},"end":{"line":80,"column":65}},"locations":[{"start":{"line":78,"column":2},"end":{"line":80,"column":65}}]},"18":{"type":"branch","line":78,"loc":{"start":{"line":78,"column":2},"end":{"line":80,"column":42}},"locations":[{"start":{"line":78,"column":2},"end":{"line":80,"column":42}}]},"19":{"type":"branch","line":80,"loc":{"start":{"line":80,"column":30},"end":{"line":80,"column":65}},"locations":[{"start":{"line":80,"column":30},"end":{"line":80,"column":65}}]},"20":{"type":"branch","line":80,"loc":{"start":{"line":80,"column":65},"end":{"line":82,"column":3}},"locations":[{"start":{"line":80,"column":65},"end":{"line":82,"column":3}}]},"21":{"type":"branch","line":82,"loc":{"start":{"line":82,"column":2},"end":{"line":85,"column":48}},"locations":[{"start":{"line":82,"column":2},"end":{"line":85,"column":48}}]},"22":{"type":"branch","line":85,"loc":{"start":{"line":85,"column":48},"end":{"line":93,"column":3}},"locations":[{"start":{"line":85,"column":48},"end":{"line":93,"column":3}}]},"23":{"type":"branch","line":86,"loc":{"start":{"line":86,"column":53},"end":{"line":88,"column":5}},"locations":[{"start":{"line":86,"column":53},"end":{"line":88,"column":5}}]},"24":{"type":"branch","line":90,"loc":{"start":{"line":90,"column":50},"end":{"line":90,"column":90}},"locations":[{"start":{"line":90,"column":50},"end":{"line":90,"column":90}}]},"25":{"type":"branch","line":90,"loc":{"start":{"line":90,"column":124},"end":{"line":92,"column":5}},"locations":[{"start":{"line":90,"column":124},"end":{"line":92,"column":5}}]},"26":{"type":"branch","line":93,"loc":{"start":{"line":93,"column":2},"end":{"line":96,"column":49}},"locations":[{"start":{"line":93,"column":2},"end":{"line":96,"column":49}}]},"27":{"type":"branch","line":96,"loc":{"start":{"line":96,"column":49},"end":{"line":104,"column":3}},"locations":[{"start":{"line":96,"column":49},"end":{"line":104,"column":3}}]},"28":{"type":"branch","line":97,"loc":{"start":{"line":97,"column":53},"end":{"line":99,"column":5}},"locations":[{"start":{"line":97,"column":53},"end":{"line":99,"column":5}}]},"29":{"type":"branch","line":101,"loc":{"start":{"line":101,"column":50},"end":{"line":101,"column":86}},"locations":[{"start":{"line":101,"column":50},"end":{"line":101,"column":86}}]},"30":{"type":"branch","line":101,"loc":{"start":{"line":101,"column":72},"end":{"line":101,"column":120}},"locations":[{"start":{"line":101,"column":72},"end":{"line":101,"column":120}}]},"31":{"type":"branch","line":101,"loc":{"start":{"line":101,"column":120},"end":{"line":103,"column":5}},"locations":[{"start":{"line":101,"column":120},"end":{"line":103,"column":5}}]},"32":{"type":"branch","line":104,"loc":{"start":{"line":104,"column":2},"end":{"line":107,"column":50}},"locations":[{"start":{"line":104,"column":2},"end":{"line":107,"column":50}}]},"33":{"type":"branch","line":107,"loc":{"start":{"line":107,"column":50},"end":{"line":115,"column":3}},"locations":[{"start":{"line":107,"column":50},"end":{"line":115,"column":3}}]},"34":{"type":"branch","line":108,"loc":{"start":{"line":108,"column":53},"end":{"line":110,"column":5}},"locations":[{"start":{"line":108,"column":53},"end":{"line":110,"column":5}}]},"35":{"type":"branch","line":112,"loc":{"start":{"line":112,"column":56},"end":{"line":112,"column":101}},"locations":[{"start":{"line":112,"column":56},"end":{"line":112,"column":101}}]},"36":{"type":"branch","line":112,"loc":{"start":{"line":112,"column":101},"end":{"line":114,"column":5}},"locations":[{"start":{"line":112,"column":101},"end":{"line":114,"column":5}}]},"37":{"type":"branch","line":115,"loc":{"start":{"line":115,"column":2},"end":{"line":118,"column":1}},"locations":[{"start":{"line":115,"column":2},"end":{"line":118,"column":1}}]},"38":{"type":"branch","line":123,"loc":{"start":{"line":123,"column":0},"end":{"line":160,"column":1}},"locations":[{"start":{"line":123,"column":0},"end":{"line":160,"column":1}}]},"39":{"type":"branch","line":124,"loc":{"start":{"line":124,"column":33},"end":{"line":126,"column":3}},"locations":[{"start":{"line":124,"column":33},"end":{"line":126,"column":3}}]},"40":{"type":"branch","line":126,"loc":{"start":{"line":126,"column":2},"end":{"line":128,"column":26}},"locations":[{"start":{"line":126,"column":2},"end":{"line":128,"column":26}}]},"41":{"type":"branch","line":128,"loc":{"start":{"line":128,"column":26},"end":{"line":133,"column":3}},"locations":[{"start":{"line":128,"column":26},"end":{"line":133,"column":3}}]},"42":{"type":"branch","line":133,"loc":{"start":{"line":133,"column":2},"end":{"line":136,"column":36}},"locations":[{"start":{"line":133,"column":2},"end":{"line":136,"column":36}}]},"43":{"type":"branch","line":136,"loc":{"start":{"line":136,"column":36},"end":{"line":138,"column":3}},"locations":[{"start":{"line":136,"column":36},"end":{"line":138,"column":3}}]},"44":{"type":"branch","line":137,"loc":{"start":{"line":137,"column":50},"end":{"line":137,"column":61}},"locations":[{"start":{"line":137,"column":50},"end":{"line":137,"column":61}}]},"45":{"type":"branch","line":138,"loc":{"start":{"line":138,"column":2},"end":{"line":141,"column":37}},"locations":[{"start":{"line":138,"column":2},"end":{"line":141,"column":37}}]},"46":{"type":"branch","line":141,"loc":{"start":{"line":141,"column":37},"end":{"line":143,"column":3}},"locations":[{"start":{"line":141,"column":37},"end":{"line":143,"column":3}}]},"47":{"type":"branch","line":143,"loc":{"start":{"line":143,"column":2},"end":{"line":146,"column":38}},"locations":[{"start":{"line":143,"column":2},"end":{"line":146,"column":38}}]},"48":{"type":"branch","line":146,"loc":{"start":{"line":146,"column":38},"end":{"line":148,"column":3}},"locations":[{"start":{"line":146,"column":38},"end":{"line":148,"column":3}}]},"49":{"type":"branch","line":148,"loc":{"start":{"line":148,"column":2},"end":{"line":151,"column":24}},"locations":[{"start":{"line":148,"column":2},"end":{"line":151,"column":24}}]},"50":{"type":"branch","line":151,"loc":{"start":{"line":151,"column":24},"end":{"line":154,"column":9}},"locations":[{"start":{"line":151,"column":24},"end":{"line":154,"column":9}}]},"51":{"type":"branch","line":154,"loc":{"start":{"line":154,"column":2},"end":{"line":159,"column":3}},"locations":[{"start":{"line":154,"column":2},"end":{"line":159,"column":3}}]}},"b":{"0":[102],"1":[238],"2":[244],"3":[260],"4":[614],"5":[579],"6":[67],"7":[547],"8":[17],"9":[530],"10":[10],"11":[520],"12":[9],"13":[511],"14":[0],"15":[511],"16":[0],"17":[514],"18":[511],"19":[510],"20":[1],"21":[510],"22":[1407],"23":[0],"24":[709],"25":[1],"26":[509],"27":[1489],"28":[0],"29":[714],"30":[1488],"31":[1],"32":[508],"33":[1513],"34":[0],"35":[1512],"36":[1],"37":[507],"38":[106],"39":[1],"40":[105],"41":[2],"42":[105],"43":[241],"44":[119],"45":[105],"46":[246],"47":[105],"48":[262],"49":[105],"50":[103],"51":[2]},"fnMap":{"0":{"name":"exportData","decl":{"start":{"line":20,"column":0},"end":{"line":46,"column":1}},"loc":{"start":{"line":20,"column":0},"end":{"line":46,"column":1}},"line":20},"1":{"name":"validateExportData","decl":{"start":{"line":51,"column":7},"end":{"line":118,"column":1}},"loc":{"start":{"line":51,"column":7},"end":{"line":118,"column":1}},"line":51},"2":{"name":"importData","decl":{"start":{"line":123,"column":0},"end":{"line":160,"column":1}},"loc":{"start":{"line":123,"column":0},"end":{"line":160,"column":1}},"line":123}},"f":{"0":102,"1":614,"2":106}}
,"D:\\Projects\\Arc\\src\\core\\feedbackStore.ts": {"path":"D:\\Projects\\Arc\\src\\core\\feedbackStore.ts","all":false,"statementMap":{"0":{"start":{"line":1,"column":0},"end":{"line":1,"column":49}},"1":{"start":{"line":2,"column":0},"end":{"line":2,"column":25}},"2":{"start":{"line":3,"column":0},"end":{"line":3,"column":29}},"3":{"start":{"line":4,"column":0},"end":{"line":4,"column":0}},"4":{"start":{"line":5,"column":0},"end":{"line":5,"column":120}},"5":{"start":{"line":6,"column":0},"end":{"line":6,"column":0}},"6":{"start":{"line":7,"column":0},"end":{"line":7,"column":26}},"7":{"start":{"line":8,"column":0},"end":{"line":8,"column":22}},"8":{"start":{"line":9,"column":0},"end":{"line":9,"column":42}},"9":{"start":{"line":10,"column":0},"end":{"line":10,"column":28}},"10":{"start":{"line":11,"column":0},"end":{"line":11,"column":43}},"11":{"start":{"line":12,"column":0},"end":{"line":12,"column":3}},"12":{"start":{"line":13,"column":0},"end":{"line":13,"column":1}},"13":{"start":{"line":14,"column":0},"end":{"line":14,"column":0}},"14":{"start":{"line":15,"column":0},"end":{"line":15,"column":3}},"15":{"start":{"line":16,"column":0},"end":{"line":16,"column":26}},"16":{"start":{"line":17,"column":0},"end":{"line":17,"column":3}},"17":{"start":{"line":18,"column":0},"end":{"line":18,"column":51}},"18":{"start":{"line":19,"column":0},"end":{"line":19,"column":7}},"19":{"start":{"line":20,"column":0},"end":{"line":20,"column":16}},"20":{"start":{"line":21,"column":0},"end":{"line":21,"column":39}},"21":{"start":{"line":22,"column":0},"end":{"line":22,"column":59}},"22":{"start":{"line":23,"column":0},"end":{"line":23,"column":30}},"23":{"start":{"line":24,"column":0},"end":{"line":24,"column":5}},"24":{"start":{"line":25,"column":0},"end":{"line":25,"column":19}},"25":{"start":{"line":26,"column":0},"end":{"line":26,"column":52}},"26":{"start":{"line":27,"column":0},"end":{"line":27,"column":3}},"27":{"start":{"line":28,"column":0},"end":{"line":28,"column":12}},"28":{"start":{"line":29,"column":0},"end":{"line":29,"column":1}},"29":{"start":{"line":30,"column":0},"end":{"line":30,"column":0}},"30":{"start":{"line":31,"column":0},"end":{"line":31,"column":3}},"31":{"start":{"line":32,"column":0},"end":{"line":32,"column":24}},"32":{"start":{"line":33,"column":0},"end":{"line":33,"column":3}},"33":{"start":{"line":34,"column":0},"end":{"line":34,"column":65}},"34":{"start":{"line":35,"column":0},"end":{"line":35,"column":7}},"35":{"start":{"line":36,"column":0},"end":{"line":36,"column":16}},"36":{"start":{"line":37,"column":0},"end":{"line":37,"column":80}},"37":{"start":{"line":38,"column":0},"end":{"line":38,"column":19}},"38":{"start":{"line":39,"column":0},"end":{"line":39,"column":51}},"39":{"start":{"line":40,"column":0},"end":{"line":40,"column":3}},"40":{"start":{"line":41,"column":0},"end":{"line":41,"column":1}},"41":{"start":{"line":42,"column":0},"end":{"line":42,"column":0}},"42":{"start":{"line":43,"column":0},"end":{"line":43,"column":3}},"43":{"start":{"line":44,"column":0},"end":{"line":44,"column":21}},"44":{"start":{"line":45,"column":0},"end":{"line":45,"column":3}},"45":{"start":{"line":46,"column":0},"end":{"line":46,"column":93}},"46":{"start":{"line":47,"column":0},"end":{"line":47,"column":34}},"47":{"start":{"line":48,"column":0},"end":{"line":48,"column":44}},"48":{"start":{"line":49,"column":0},"end":{"line":49,"column":75}},"49":{"start":{"line":50,"column":0},"end":{"line":50,"column":8}},"50":{"start":{"line":51,"column":0},"end":{"line":51,"column":10}},"51":{"start":{"line":52,"column":0},"end":{"line":52,"column":27}},"52":{"start":{"line":53,"column":0},"end":{"line":53,"column":4}},"53":{"start":{"line":54,"column":0},"end":{"line":54,"column":26}},"54":{"start":{"line":55,"column":0},"end":{"line":55,"column":25}},"55":{"start":{"line":56,"column":0},"end":{"line":56,"column":18}},"56":{"start":{"line":57,"column":0},"end":{"line":57,"column":1}},"57":{"start":{"line":58,"column":0},"end":{"line":58,"column":0}},"58":{"start":{"line":59,"column":0},"end":{"line":59,"column":3}},"59":{"start":{"line":60,"column":0},"end":{"line":60,"column":27}},"60":{"start":{"line":61,"column":0},"end":{"line":61,"column":3}},"61":{"start":{"line":62,"column":0},"end":{"line":62,"column":75}},"62":{"start":{"line":63,"column":0},"end":{"line":63,"column":24}},"63":{"start":{"line":64,"column":0},"end":{"line":64,"column":1}},"64":{"start":{"line":65,"column":0},"end":{"line":65,"column":0}},"65":{"start":{"line":66,"column":0},"end":{"line":66,"column":3}},"66":{"start":{"line":67,"column":0},"end":{"line":67,"column":34}},"67":{"start":{"line":68,"column":0},"end":{"line":68,"column":3}},"68":{"start":{"line":69,"column":0},"end":{"line":69,"column":88}},"69":{"start":{"line":70,"column":0},"end":{"line":70,"column":34}},"70":{"start":{"line":71,"column":0},"end":{"line":71,"column":45}},"71":{"start":{"line":72,"column":0},"end":{"line":72,"column":1}},"72":{"start":{"line":73,"column":0},"end":{"line":73,"column":0}},"73":{"start":{"line":74,"column":0},"end":{"line":74,"column":3}},"74":{"start":{"line":75,"column":0},"end":{"line":75,"column":21}},"75":{"start":{"line":76,"column":0},"end":{"line":76,"column":3}},"76":{"start":{"line":77,"column":0},"end":{"line":77,"column":39}},"77":{"start":{"line":78,"column":0},"end":{"line":78,"column":19}},"78":{"start":{"line":79,"column":0},"end":{"line":79,"column":1}},"79":{"start":{"line":80,"column":0},"end":{"line":80,"column":0}},"80":{"start":{"line":81,"column":0},"end":{"line":81,"column":3}},"81":{"start":{"line":82,"column":0},"end":{"line":82,"column":30}},"82":{"start":{"line":83,"column":0},"end":{"line":83,"column":3}},"83":{"start":{"line":84,"column":0},"end":{"line":84,"column":50}},"84":{"start":{"line":85,"column":0},"end":{"line":85,"column":34}},"85":{"start":{"line":86,"column":0},"end":{"line":86,"column":53}},"86":{"start":{"line":87,"column":0},"end":{"line":87,"column":25}},"87":{"start":{"line":88,"column":0},"end":{"line":88,"column":1}},"88":{"start":{"line":89,"column":0},"end":{"line":89,"column":0}},"89":{"start":{"line":90,"column":0},"end":{"line":90,"column":3}},"90":{"start":{"line":91,"column":0},"end":{"line":91,"column":36}},"91":{"start":{"line":92,"column":0},"end":{"line":92,"column":3}},"92":{"start":{"line":93,"column":0},"end":{"line":93,"column":99}},"93":{"start":{"line":94,"column":0},"end":{"line":94,"column":47}},"94":{"start":{"line":95,"column":0},"end":{"line":95,"column":10}},"95":{"start":{"line":96,"column":0},"end":{"line":96,"column":59}},"96":{"start":{"line":97,"column":0},"end":{"line":97,"column":65}},"97":{"start":{"line":98,"column":0},"end":{"line":98,"column":4}},"98":{"start":{"line":99,"column":0},"end":{"line":99,"column":1}}},"s":{"0":1,"1":1,"2":1,"3":1,"4":1,"5":1,"6":1,"7":24,"8":24,"9":24,"10":0,"11":0,"12":24,"13":1,"14":1,"15":1,"16":1,"17":16,"18":16,"19":16,"20":16,"21":16,"22":16,"23":16,"24":16,"25":0,"26":0,"27":0,"28":0,"29":1,"30":1,"31":1,"32":1,"33":8,"34":8,"35":8,"36":8,"37":8,"38":0,"39":0,"40":8,"41":1,"42":1,"43":1,"44":1,"45":1,"46":6,"47":6,"48":6,"49":6,"50":6,"51":6,"52":6,"53":6,"54":6,"55":6,"56":6,"57":1,"58":1,"59":1,"60":1,"61":5,"62":5,"63":5,"64":1,"65":1,"66":1,"67":1,"68":4,"69":4,"70":4,"71":4,"72":1,"73":1,"74":1,"75":1,"76":1,"77":1,"78":1,"79":1,"80":1,"81":1,"82":1,"83":1,"84":1,"85":1,"86":1,"87":1,"88":1,"89":1,"90":1,"91":1,"92":2,"93":2,"94":2,"95":2,"96":2,"97":2,"98":2},"branchMap":{"0":{"type":"branch","line":5,"loc":{"start":{"line":5,"column":44},"end":{"line":5,"column":75}},"locations":[{"start":{"line":5,"column":44},"end":{"line":5,"column":75}}]},"1":{"type":"branch","line":5,"loc":{"start":{"line":5,"column":67},"end":{"line":5,"column":80}},"locations":[{"start":{"line":5,"column":67},"end":{"line":5,"column":80}}]},"2":{"type":"branch","line":5,"loc":{"start":{"line":5,"column":44},"end":{"line":5,"column":75}},"locations":[{"start":{"line":5,"column":44},"end":{"line":5,"column":75}}]},"3":{"type":"branch","line":5,"loc":{"start":{"line":5,"column":67},"end":{"line":5,"column":80}},"locations":[{"start":{"line":5,"column":67},"end":{"line":5,"column":80}}]},"4":{"type":"branch","line":8,"loc":{"start":{"line":8,"column":0},"end":{"line":13,"column":1}},"locations":[{"start":{"line":8,"column":0},"end":{"line":13,"column":1}}]},"5":{"type":"branch","line":10,"loc":{"start":{"line":10,"column":27},"end":{"line":12,"column":3}},"locations":[{"start":{"line":10,"column":27},"end":{"line":12,"column":3}}]},"6":{"type":"branch","line":18,"loc":{"start":{"line":18,"column":0},"end":{"line":29,"column":1}},"locations":[{"start":{"line":18,"column":0},"end":{"line":29,"column":1}}]},"7":{"type":"branch","line":25,"loc":{"start":{"line":25,"column":2},"end":{"line":29,"column":1}},"locations":[{"start":{"line":25,"column":2},"end":{"line":29,"column":1}}]},"8":{"type":"branch","line":34,"loc":{"start":{"line":34,"column":0},"end":{"line":41,"column":1}},"locations":[{"start":{"line":34,"column":0},"end":{"line":41,"column":1}}]},"9":{"type":"branch","line":38,"loc":{"start":{"line":38,"column":2},"end":{"line":40,"column":3}},"locations":[{"start":{"line":38,"column":2},"end":{"line":40,"column":3}}]},"10":{"type":"branch","line":46,"loc":{"start":{"line":46,"column":7},"end":{"line":57,"column":1}},"locations":[{"start":{"line":46,"column":7},"end":{"line":57,"column":1}}]},"11":{"type":"branch","line":49,"loc":{"start":{"line":49,"column":26},"end":{"line":49,"column":73}},"locations":[{"start":{"line":49,"column":26},"end":{"line":49,"column":73}}]},"12":{"type":"branch","line":49,"loc":{"start":{"line":49,"column":69},"end":{"line":49,"column":75}},"locations":[{"start":{"line":49,"column":69},"end":{"line":49,"column":75}}]},"13":{"type":"branch","line":49,"loc":{"start":{"line":49,"column":55},"end":{"line":49,"column":64}},"locations":[{"start":{"line":49,"column":55},"end":{"line":49,"column":64}}]},"14":{"type":"branch","line":62,"loc":{"start":{"line":62,"column":0},"end":{"line":64,"column":1}},"locations":[{"start":{"line":62,"column":0},"end":{"line":64,"column":1}}]},"15":{"type":"branch","line":69,"loc":{"start":{"line":69,"column":0},"end":{"line":72,"column":1}},"locations":[{"start":{"line":69,"column":0},"end":{"line":72,"column":1}}]},"16":{"type":"branch","line":71,"loc":{"start":{"line":71,"column":25},"end":{"line":71,"column":43}},"locations":[{"start":{"line":71,"column":25},"end":{"line":71,"column":43}}]},"17":{"type":"branch","line":77,"loc":{"start":{"line":77,"column":7},"end":{"line":79,"column":1}},"locations":[{"start":{"line":77,"column":7},"end":{"line":79,"column":1}}]},"18":{"type":"branch","line":84,"loc":{"start":{"line":84,"column":7},"end":{"line":88,"column":1}},"locations":[{"start":{"line":84,"column":7},"end":{"line":88,"column":1}}]},"19":{"type":"branch","line":86,"loc":{"start":{"line":86,"column":35},"end":{"line":86,"column":51}},"locations":[{"start":{"line":86,"column":35},"end":{"line":86,"column":51}}]},"20":{"type":"branch","line":93,"loc":{"start":{"line":93,"column":0},"end":{"line":99,"column":1}},"locations":[{"start":{"line":93,"column":0},"end":{"line":99,"column":1}}]},"21":{"type":"branch","line":96,"loc":{"start":{"line":96,"column":27},"end":{"line":96,"column":50}},"locations":[{"start":{"line":96,"column":27},"end":{"line":96,"column":50}}]},"22":{"type":"branch","line":97,"loc":{"start":{"line":97,"column":30},"end":{"line":97,"column":56}},"locations":[{"start":{"line":97,"column":30},"end":{"line":97,"column":56}}]}},"b":{"0":[0],"1":[0],"2":[0],"3":[0],"4":[24],"5":[0],"6":[16],"7":[0],"8":[8],"9":[0],"10":[6],"11":[3],"12":[3],"13":[114],"14":[5],"15":[4],"16":[7],"17":[1],"18":[1],"19":[2],"20":[2],"21":[3],"22":[3]},"fnMap":{"0":{"name":"ensureDir","decl":{"start":{"line":8,"column":0},"end":{"line":13,"column":1}},"loc":{"start":{"line":8,"column":0},"end":{"line":13,"column":1}},"line":8},"1":{"name":"loadFeedback","decl":{"start":{"line":18,"column":0},"end":{"line":29,"column":1}},"loc":{"start":{"line":18,"column":0},"end":{"line":29,"column":1}},"line":18},"2":{"name":"saveFeedback","decl":{"start":{"line":34,"column":0},"end":{"line":41,"column":1}},"loc":{"start":{"line":34,"column":0},"end":{"line":41,"column":1}},"line":34},"3":{"name":"addFeedback","decl":{"start":{"line":46,"column":7},"end":{"line":57,"column":1}},"loc":{"start":{"line":46,"column":7},"end":{"line":57,"column":1}},"line":46},"4":{"name":"getAllFeedback","decl":{"start":{"line":62,"column":0},"end":{"line":64,"column":1}},"loc":{"start":{"line":62,"column":0},"end":{"line":64,"column":1}},"line":62},"5":{"name":"getFeedbackByUrl","decl":{"start":{"line":69,"column":0},"end":{"line":72,"column":1}},"loc":{"start":{"line":69,"column":0},"end":{"line":72,"column":1}},"line":69},"6":{"name":"clearFeedback","decl":{"start":{"line":77,"column":7},"end":{"line":79,"column":1}},"loc":{"start":{"line":77,"column":7},"end":{"line":79,"column":1}},"line":77},"7":{"name":"removeFeedback","decl":{"start":{"line":84,"column":7},"end":{"line":88,"column":1}},"loc":{"start":{"line":84,"column":7},"end":{"line":88,"column":1}},"line":84},"8":{"name":"getFeedbackStats","decl":{"start":{"line":93,"column":0},"end":{"line":99,"column":1}},"loc":{"start":{"line":93,"column":0},"end":{"line":99,"column":1}},"line":93}},"f":{"0":24,"1":16,"2":8,"3":6,"4":5,"5":4,"6":1,"7":1,"8":2}}
,"D:\\Projects\\Arc\\src\\core\\historyStore.ts": {"path":"D:\\Projects\\Arc\\src\\core\\historyStore.ts","all":false,"statementMap":{"0":{"start":{"line":1,"column":0},"end":{"line":1,"column":39}},"1":{"start":{"line":2,"column":0},"end":{"line":2,"column":25}},"2":{"start":{"line":3,"column":0},"end":{"line":3,"column":29}},"3":{"start":{"line":4,"column":0},"end":{"line":4,"column":0}},"4":{"start":{"line":5,"column":0},"end":{"line":5,"column":118}},"5":{"start":{"line":6,"column":0},"end":{"line":6,"column":0}},"6":{"start":{"line":7,"column":0},"end":{"line":7,"column":26}},"7":{"start":{"line":8,"column":0},"end":{"line":8,"column":22}},"8":{"start":{"line":9,"column":0},"end":{"line":9,"column":41}},"9":{"start":{"line":10,"column":0},"end":{"line":10,"column":28}},"10":{"start":{"line":11,"column":0},"end":{"line":11,"column":43}},"11":{"start":{"line":12,"column":0},"end":{"line":12,"column":3}},"12":{"start":{"line":13,"column":0},"end":{"line":13,"column":1}},"13":{"start":{"line":14,"column":0},"end":{"line":14,"column":0}},"14":{"start":{"line":15,"column":0},"end":{"line":15,"column":3}},"15":{"start":{"line":16,"column":0},"end":{"line":16,"column":25}},"16":{"start":{"line":17,"column":0},"end":{"line":17,"column":3}},"17":{"start":{"line":18,"column":0},"end":{"line":18,"column":40}},"18":{"start":{"line":19,"column":0},"end":{"line":19,"column":7}},"19":{"start":{"line":20,"column":0},"end":{"line":20,"column":16}},"20":{"start":{"line":21,"column":0},"end":{"line":21,"column":38}},"21":{"start":{"line":22,"column":0},"end":{"line":22,"column":58}},"22":{"start":{"line":23,"column":0},"end":{"line":23,"column":30}},"23":{"start":{"line":24,"column":0},"end":{"line":24,"column":5}},"24":{"start":{"line":25,"column":0},"end":{"line":25,"column":19}},"25":{"start":{"line":26,"column":0},"end":{"line":26,"column":51}},"26":{"start":{"line":27,"column":0},"end":{"line":27,"column":3}},"27":{"start":{"line":28,"column":0},"end":{"line":28,"column":12}},"28":{"start":{"line":29,"column":0},"end":{"line":29,"column":1}},"29":{"start":{"line":30,"column":0},"end":{"line":30,"column":0}},"30":{"start":{"line":31,"column":0},"end":{"line":31,"column":3}},"31":{"start":{"line":32,"column":0},"end":{"line":32,"column":23}},"32":{"start":{"line":33,"column":0},"end":{"line":33,"column":3}},"33":{"start":{"line":34,"column":0},"end":{"line":34,"column":53}},"34":{"start":{"line":35,"column":0},"end":{"line":35,"column":7}},"35":{"start":{"line":36,"column":0},"end":{"line":36,"column":16}},"36":{"start":{"line":37,"column":0},"end":{"line":37,"column":78}},"37":{"start":{"line":38,"column":0},"end":{"line":38,"column":19}},"38":{"start":{"line":39,"column":0},"end":{"line":39,"column":50}},"39":{"start":{"line":40,"column":0},"end":{"line":40,"column":3}},"40":{"start":{"line":41,"column":0},"end":{"line":41,"column":1}},"41":{"start":{"line":42,"column":0},"end":{"line":42,"column":0}},"42":{"start":{"line":43,"column":0},"end":{"line":43,"column":3}},"43":{"start":{"line":44,"column":0},"end":{"line":44,"column":32}},"44":{"start":{"line":45,"column":0},"end":{"line":45,"column":3}},"45":{"start":{"line":46,"column":0},"end":{"line":46,"column":75}},"46":{"start":{"line":47,"column":0},"end":{"line":47,"column":32}},"47":{"start":{"line":48,"column":0},"end":{"line":48,"column":62}},"48":{"start":{"line":49,"column":0},"end":{"line":49,"column":0}},"49":{"start":{"line":50,"column":0},"end":{"line":50,"column":27}},"50":{"start":{"line":51,"column":0},"end":{"line":51,"column":28}},"51":{"start":{"line":52,"column":0},"end":{"line":52,"column":41}},"52":{"start":{"line":53,"column":0},"end":{"line":53,"column":51}},"53":{"start":{"line":54,"column":0},"end":{"line":54,"column":16}},"54":{"start":{"line":55,"column":0},"end":{"line":55,"column":43}},"55":{"start":{"line":56,"column":0},"end":{"line":56,"column":5}},"56":{"start":{"line":57,"column":0},"end":{"line":57,"column":10}},"57":{"start":{"line":58,"column":0},"end":{"line":58,"column":20}},"58":{"start":{"line":59,"column":0},"end":{"line":59,"column":36}},"59":{"start":{"line":60,"column":0},"end":{"line":60,"column":75}},"60":{"start":{"line":61,"column":0},"end":{"line":61,"column":10}},"61":{"start":{"line":62,"column":0},"end":{"line":62,"column":27}},"62":{"start":{"line":63,"column":0},"end":{"line":63,"column":29}},"63":{"start":{"line":64,"column":0},"end":{"line":64,"column":21}},"64":{"start":{"line":65,"column":0},"end":{"line":65,"column":6}},"65":{"start":{"line":66,"column":0},"end":{"line":66,"column":27}},"66":{"start":{"line":67,"column":0},"end":{"line":67,"column":3}},"67":{"start":{"line":68,"column":0},"end":{"line":68,"column":0}},"68":{"start":{"line":69,"column":0},"end":{"line":69,"column":23}},"69":{"start":{"line":70,"column":0},"end":{"line":70,"column":74}},"70":{"start":{"line":71,"column":0},"end":{"line":71,"column":1}},"71":{"start":{"line":72,"column":0},"end":{"line":72,"column":0}},"72":{"start":{"line":73,"column":0},"end":{"line":73,"column":3}},"73":{"start":{"line":74,"column":0},"end":{"line":74,"column":29}},"74":{"start":{"line":75,"column":0},"end":{"line":75,"column":3}},"75":{"start":{"line":76,"column":0},"end":{"line":76,"column":86}},"76":{"start":{"line":77,"column":0},"end":{"line":77,"column":32}},"77":{"start":{"line":78,"column":0},"end":{"line":78,"column":16}},"78":{"start":{"line":79,"column":0},"end":{"line":79,"column":48}},"79":{"start":{"line":80,"column":0},"end":{"line":80,"column":21}},"80":{"start":{"line":81,"column":0},"end":{"line":81,"column":1}},"81":{"start":{"line":82,"column":0},"end":{"line":82,"column":0}},"82":{"start":{"line":83,"column":0},"end":{"line":83,"column":3}},"83":{"start":{"line":84,"column":0},"end":{"line":84,"column":26}},"84":{"start":{"line":85,"column":0},"end":{"line":85,"column":3}},"85":{"start":{"line":86,"column":0},"end":{"line":86,"column":64}},"86":{"start":{"line":87,"column":0},"end":{"line":87,"column":23}},"87":{"start":{"line":88,"column":0},"end":{"line":88,"column":1}},"88":{"start":{"line":89,"column":0},"end":{"line":89,"column":0}},"89":{"start":{"line":90,"column":0},"end":{"line":90,"column":3}},"90":{"start":{"line":91,"column":0},"end":{"line":91,"column":20}},"91":{"start":{"line":92,"column":0},"end":{"line":92,"column":3}},"92":{"start":{"line":93,"column":0},"end":{"line":93,"column":38}},"93":{"start":{"line":94,"column":0},"end":{"line":94,"column":18}},"94":{"start":{"line":95,"column":0},"end":{"line":95,"column":1}},"95":{"start":{"line":96,"column":0},"end":{"line":96,"column":0}},"96":{"start":{"line":97,"column":0},"end":{"line":97,"column":3}},"97":{"start":{"line":98,"column":0},"end":{"line":98,"column":34}},"98":{"start":{"line":99,"column":0},"end":{"line":99,"column":3}},"99":{"start":{"line":100,"column":0},"end":{"line":100,"column":55}},"100":{"start":{"line":101,"column":0},"end":{"line":101,"column":32}},"101":{"start":{"line":102,"column":0},"end":{"line":102,"column":54}},"102":{"start":{"line":103,"column":0},"end":{"line":103,"column":24}},"103":{"start":{"line":104,"column":0},"end":{"line":104,"column":1}},"104":{"start":{"line":105,"column":0},"end":{"line":105,"column":0}},"105":{"start":{"line":106,"column":0},"end":{"line":106,"column":3}},"106":{"start":{"line":107,"column":0},"end":{"line":107,"column":33}},"107":{"start":{"line":108,"column":0},"end":{"line":108,"column":3}},"108":{"start":{"line":109,"column":0},"end":{"line":109,"column":77}},"109":{"start":{"line":110,"column":0},"end":{"line":110,"column":32}},"110":{"start":{"line":111,"column":0},"end":{"line":111,"column":41}},"111":{"start":{"line":112,"column":0},"end":{"line":112,"column":24}},"112":{"start":{"line":113,"column":0},"end":{"line":113,"column":8}},"113":{"start":{"line":114,"column":0},"end":{"line":114,"column":49}},"114":{"start":{"line":115,"column":0},"end":{"line":115,"column":61}},"115":{"start":{"line":116,"column":0},"end":{"line":116,"column":4}},"116":{"start":{"line":117,"column":0},"end":{"line":117,"column":1}}},"s":{"0":1,"1":1,"2":1,"3":1,"4":1,"5":1,"6":1,"7":25,"8":25,"9":25,"10":0,"11":0,"12":25,"13":1,"14":1,"15":1,"16":1,"17":17,"18":17,"19":17,"20":17,"21":17,"22":17,"23":17,"24":17,"25":0,"26":0,"27":0,"28":0,"29":1,"30":1,"31":1,"32":1,"33":8,"34":8,"35":8,"36":8,"37":8,"38":0,"39":0,"40":8,"41":1,"42":1,"43":1,"44":1,"45":1,"46":6,"47":6,"48":6,"49":6,"50":4,"51":4,"52":4,"53":4,"54":4,"55":4,"56":4,"57":2,"58":2,"59":2,"60":2,"61":2,"62":2,"63":2,"64":2,"65":2,"66":2,"67":6,"68":6,"69":6,"70":6,"71":1,"72":1,"73":1,"74":1,"75":5,"76":5,"77":5,"78":5,"79":5,"80":5,"81":1,"82":1,"83":1,"84":1,"85":2,"86":2,"87":2,"88":1,"89":1,"90":1,"91":1,"92":1,"93":1,"94":1,"95":1,"96":1,"97":1,"98":1,"99":1,"100":1,"101":1,"102":1,"103":1,"104":1,"105":1,"106":1,"107":1,"108":3,"109":3,"110":3,"111":3,"112":3,"113":5,"114":2,"115":3,"116":3},"branchMap":{"0":{"type":"branch","line":5,"loc":{"start":{"line":5,"column":43},"end":{"line":5,"column":74}},"locations":[{"start":{"line":5,"column":43},"end":{"line":5,"column":74}}]},"1":{"type":"branch","line":5,"loc":{"start":{"line":5,"column":66},"end":{"line":5,"column":79}},"locations":[{"start":{"line":5,"column":66},"end":{"line":5,"column":79}}]},"2":{"type":"branch","line":5,"loc":{"start":{"line":5,"column":43},"end":{"line":5,"column":74}},"locations":[{"start":{"line":5,"column":43},"end":{"line":5,"column":74}}]},"3":{"type":"branch","line":5,"loc":{"start":{"line":5,"column":66},"end":{"line":5,"column":79}},"locations":[{"start":{"line":5,"column":66},"end":{"line":5,"column":79}}]},"4":{"type":"branch","line":8,"loc":{"start":{"line":8,"column":0},"end":{"line":13,"column":1}},"locations":[{"start":{"line":8,"column":0},"end":{"line":13,"column":1}}]},"5":{"type":"branch","line":10,"loc":{"start":{"line":10,"column":27},"end":{"line":12,"column":3}},"locations":[{"start":{"line":10,"column":27},"end":{"line":12,"column":3}}]},"6":{"type":"branch","line":18,"loc":{"start":{"line":18,"column":0},"end":{"line":29,"column":1}},"locations":[{"start":{"line":18,"column":0},"end":{"line":29,"column":1}}]},"7":{"type":"branch","line":25,"loc":{"start":{"line":25,"column":2},"end":{"line":29,"column":1}},"locations":[{"start":{"line":25,"column":2},"end":{"line":29,"column":1}}]},"8":{"type":"branch","line":34,"loc":{"start":{"line":34,"column":0},"end":{"line":41,"column":1}},"locations":[{"start":{"line":34,"column":0},"end":{"line":41,"column":1}}]},"9":{"type":"branch","line":38,"loc":{"start":{"line":38,"column":2},"end":{"line":40,"column":3}},"locations":[{"start":{"line":38,"column":2},"end":{"line":40,"column":3}}]},"10":{"type":"branch","line":46,"loc":{"start":{"line":46,"column":7},"end":{"line":71,"column":1}},"locations":[{"start":{"line":46,"column":7},"end":{"line":71,"column":1}}]},"11":{"type":"branch","line":50,"loc":{"start":{"line":50,"column":26},"end":{"line":67,"column":3}},"locations":[{"start":{"line":50,"column":26},"end":{"line":67,"column":3}}]},"12":{"type":"branch","line":57,"loc":{"start":{"line":57,"column":2},"end":{"line":67,"column":3}},"locations":[{"start":{"line":57,"column":2},"end":{"line":67,"column":3}}]},"13":{"type":"branch","line":60,"loc":{"start":{"line":60,"column":27},"end":{"line":60,"column":73}},"locations":[{"start":{"line":60,"column":27},"end":{"line":60,"column":73}}]},"14":{"type":"branch","line":62,"loc":{"start":{"line":62,"column":13},"end":{"line":62,"column":27}},"locations":[{"start":{"line":62,"column":13},"end":{"line":62,"column":27}}]},"15":{"type":"branch","line":70,"loc":{"start":{"line":70,"column":34},"end":{"line":70,"column":54}},"locations":[{"start":{"line":70,"column":34},"end":{"line":70,"column":54}}]},"16":{"type":"branch","line":70,"loc":{"start":{"line":70,"column":38},"end":{"line":70,"column":72}},"locations":[{"start":{"line":70,"column":38},"end":{"line":70,"column":72}}]},"17":{"type":"branch","line":48,"loc":{"start":{"line":48,"column":42},"end":{"line":48,"column":60}},"locations":[{"start":{"line":48,"column":42},"end":{"line":48,"column":60}}]},"18":{"type":"branch","line":76,"loc":{"start":{"line":76,"column":0},"end":{"line":81,"column":1}},"locations":[{"start":{"line":76,"column":0},"end":{"line":81,"column":1}}]},"19":{"type":"branch","line":79,"loc":{"start":{"line":79,"column":10},"end":{"line":79,"column":47}},"locations":[{"start":{"line":79,"column":10},"end":{"line":79,"column":47}}]},"20":{"type":"branch","line":86,"loc":{"start":{"line":86,"column":0},"end":{"line":88,"column":1}},"locations":[{"start":{"line":86,"column":0},"end":{"line":88,"column":1}}]},"21":{"type":"branch","line":93,"loc":{"start":{"line":93,"column":7},"end":{"line":95,"column":1}},"locations":[{"start":{"line":93,"column":7},"end":{"line":95,"column":1}}]},"22":{"type":"branch","line":100,"loc":{"start":{"line":100,"column":7},"end":{"line":104,"column":1}},"locations":[{"start":{"line":100,"column":7},"end":{"line":104,"column":1}}]},"23":{"type":"branch","line":102,"loc":{"start":{"line":102,"column":34},"end":{"line":102,"column":52}},"locations":[{"start":{"line":102,"column":34},"end":{"line":102,"column":52}}]},"24":{"type":"branch","line":109,"loc":{"start":{"line":109,"column":0},"end":{"line":117,"column":1}},"locations":[{"start":{"line":109,"column":0},"end":{"line":117,"column":1}}]},"25":{"type":"branch","line":113,"loc":{"start":{"line":113,"column":4},"end":{"line":115,"column":61}},"locations":[{"start":{"line":113,"column":4},"end":{"line":115,"column":61}}]},"26":{"type":"branch","line":114,"loc":{"start":{"line":114,"column":45},"end":{"line":115,"column":61}},"locations":[{"start":{"line":114,"column":45},"end":{"line":115,"column":61}}]}},"b":{"0":[0],"1":[0],"2":[0],"3":[0],"4":[25],"5":[0],"6":[17],"7":[0],"8":[8],"9":[0],"10":[6],"11":[4],"12":[2],"13":[0],"14":[0],"15":[4],"16":[2],"17":[104],"18":[5],"19":[482],"20":[2],"21":[1],"22":[1],"23":[2],"24":[3],"25":[5],"26":[2]},"fnMap":{"0":{"name":"ensureDir","decl":{"start":{"line":8,"column":0},"end":{"line":13,"column":1}},"loc":{"start":{"line":8,"column":0},"end":{"line":13,"column":1}},"line":8},"1":{"name":"loadHistory","decl":{"start":{"line":18,"column":0},"end":{"line":29,"column":1}},"loc":{"start":{"line":18,"column":0},"end":{"line":29,"column":1}},"line":18},"2":{"name":"saveHistory","decl":{"start":{"line":34,"column":0},"end":{"line":41,"column":1}},"loc":{"start":{"line":34,"column":0},"end":{"line":41,"column":1}},"line":34},"3":{"name":"addHistoryEntry","decl":{"start":{"line":46,"column":7},"end":{"line":71,"column":1}},"loc":{"start":{"line":46,"column":7},"end":{"line":71,"column":1}},"line":46},"4":{"name":"getRecentHistory","decl":{"start":{"line":76,"column":0},"end":{"line":81,"column":1}},"loc":{"start":{"line":76,"column":0},"end":{"line":81,"column":1}},"line":7
[...]
":{"line":41,"column":75}},"41":{"start":{"line":42,"column":0},"end":{"line":42,"column":51}},"42":{"start":{"line":43,"column":0},"end":{"line":43,"column":46}},"43":{"start":{"line":44,"column":0},"end":{"line":44,"column":68}},"44":{"start":{"line":45,"column":0},"end":{"line":45,"column":16}},"45":{"start":{"line":46,"column":0},"end":{"line":46,"column":63}},"46":{"start":{"line":47,"column":0},"end":{"line":47,"column":41}},"47":{"start":{"line":48,"column":0},"end":{"line":48,"column":68}},"48":{"start":{"line":49,"column":0},"end":{"line":49,"column":48}},"49":{"start":{"line":50,"column":0},"end":{"line":50,"column":21}},"50":{"start":{"line":51,"column":0},"end":{"line":51,"column":19}},"51":{"start":{"line":52,"column":0},"end":{"line":52,"column":16}},"52":{"start":{"line":53,"column":0},"end":{"line":53,"column":75}},"53":{"start":{"line":54,"column":0},"end":{"line":54,"column":15}},"54":{"start":{"line":55,"column":0},"end":{"line":55,"column":9}},"55":{"start":{"line":56,"column":0},"end":{"line":56,"column":11}},"56":{"start":{"line":57,"column":0},"end":{"line":57,"column":0}},"57":{"start":{"line":58,"column":0},"end":{"line":58,"column":42}},"58":{"start":{"line":59,"column":0},"end":{"line":59,"column":21}},"59":{"start":{"line":60,"column":0},"end":{"line":60,"column":47}},"60":{"start":{"line":61,"column":0},"end":{"line":61,"column":42}},"61":{"start":{"line":62,"column":0},"end":{"line":62,"column":15}},"62":{"start":{"line":63,"column":0},"end":{"line":63,"column":0}},"63":{"start":{"line":64,"column":0},"end":{"line":64,"column":32}},"64":{"start":{"line":65,"column":0},"end":{"line":65,"column":29}},"65":{"start":{"line":66,"column":0},"end":{"line":66,"column":32}},"66":{"start":{"line":67,"column":0},"end":{"line":67,"column":29}},"67":{"start":{"line":68,"column":0},"end":{"line":68,"column":20}},"68":{"start":{"line":69,"column":0},"end":{"line":69,"column":28}},"69":{"start":{"line":70,"column":0},"end":{"line":70,"column":28}},"70":{"start":{"line":71,"column":0},"end":{"line":71,"column":10}},"71":{"start":{"line":72,"column":0},"end":{"line":72,"column":8}},"72":{"start":{"line":73,"column":0},"end":{"line":73,"column":29}},"73":{"start":{"line":74,"column":0},"end":{"line":74,"column":66}},"74":{"start":{"line":75,"column":0},"end":{"line":75,"column":41}},"75":{"start":{"line":76,"column":0},"end":{"line":76,"column":11}},"76":{"start":{"line":77,"column":0},"end":{"line":77,"column":19}},"77":{"start":{"line":78,"column":0},"end":{"line":78,"column":6}},"78":{"start":{"line":79,"column":0},"end":{"line":79,"column":0}},"79":{"start":{"line":80,"column":0},"end":{"line":80,"column":41}},"80":{"start":{"line":81,"column":0},"end":{"line":81,"column":29}},"81":{"start":{"line":82,"column":0},"end":{"line":82,"column":32}},"82":{"start":{"line":83,"column":0},"end":{"line":83,"column":39}},"83":{"start":{"line":84,"column":0},"end":{"line":84,"column":20}},"84":{"start":{"line":85,"column":0},"end":{"line":85,"column":28}},"85":{"start":{"line":86,"column":0},"end":{"line":86,"column":27}},"86":{"start":{"line":87,"column":0},"end":{"line":87,"column":10}},"87":{"start":{"line":88,"column":0},"end":{"line":88,"column":8}},"88":{"start":{"line":89,"column":0},"end":{"line":89,"column":29}},"89":{"start":{"line":90,"column":0},"end":{"line":90,"column":66}},"90":{"start":{"line":91,"column":0},"end":{"line":91,"column":41}},"91":{"start":{"line":92,"column":0},"end":{"line":92,"column":11}},"92":{"start":{"line":93,"column":0},"end":{"line":93,"column":19}},"93":{"start":{"line":94,"column":0},"end":{"line":94,"column":6}},"94":{"start":{"line":95,"column":0},"end":{"line":95,"column":0}},"95":{"start":{"line":96,"column":0},"end":{"line":96,"column":48}},"96":{"start":{"line":97,"column":0},"end":{"line":97,"column":50}},"97":{"start":{"line":98,"column":0},"end":{"line":98,"column":19}},"98":{"start":{"line":99,"column":0},"end":{"line":99,"column":38}},"99":{"start":{"line":100,"column":0},"end":{"line":100,"column":13}},"100":{"start":{"line":101,"column":0},"end":{"line":101,"column":8}},"101":{"start":{"line":102,"column":0},"end":{"line":102,"column":63}},"102":{"start":{"line":103,"column":0},"end":{"line":103,"column":26}},"103":{"start":{"line":104,"column":0},"end":{"line":104,"column":36}},"104":{"start":{"line":105,"column":0},"end":{"line":105,"column":9}},"105":{"start":{"line":106,"column":0},"end":{"line":106,"column":6}},"106":{"start":{"line":107,"column":0},"end":{"line":107,"column":0}},"107":{"start":{"line":108,"column":0},"end":{"line":108,"column":47}},"108":{"start":{"line":109,"column":0},"end":{"line":109,"column":29}},"109":{"start":{"line":110,"column":0},"end":{"line":110,"column":74}},"110":{"start":{"line":111,"column":0},"end":{"line":111,"column":12}},"111":{"start":{"line":112,"column":0},"end":{"line":112,"column":68}},"112":{"start":{"line":113,"column":0},"end":{"line":113,"column":94}},"113":{"start":{"line":114,"column":0},"end":{"line":114,"column":70}},"114":{"start":{"line":115,"column":0},"end":{"line":115,"column":66}},"115":{"start":{"line":116,"column":0},"end":{"line":116,"column":13}},"116":{"start":{"line":117,"column":0},"end":{"line":117,"column":12}},"117":{"start":{"line":118,"column":0},"end":{"line":118,"column":48}},"118":{"start":{"line":119,"column":0},"end":{"line":119,"column":44}},"119":{"start":{"line":120,"column":0},"end":{"line":120,"column":25}},"120":{"start":{"line":121,"column":0},"end":{"line":121,"column":40}},"121":{"start":{"line":122,"column":0},"end":{"line":122,"column":37}},"122":{"start":{"line":123,"column":0},"end":{"line":123,"column":28}},"123":{"start":{"line":124,"column":0},"end":{"line":124,"column":35}},"124":{"start":{"line":125,"column":0},"end":{"line":125,"column":36}},"125":{"start":{"line":126,"column":0},"end":{"line":126,"column":19}},"126":{"start":{"line":127,"column":0},"end":{"line":127,"column":13}},"127":{"start":{"line":128,"column":0},"end":{"line":128,"column":12}},"128":{"start":{"line":129,"column":0},"end":{"line":129,"column":32}},"129":{"start":{"line":130,"column":0},"end":{"line":130,"column":11}},"130":{"start":{"line":131,"column":0},"end":{"line":131,"column":6}},"131":{"start":{"line":132,"column":0},"end":{"line":132,"column":0}},"132":{"start":{"line":133,"column":0},"end":{"line":133,"column":53}},"133":{"start":{"line":134,"column":0},"end":{"line":134,"column":24}},"134":{"start":{"line":135,"column":0},"end":{"line":135,"column":52}},"135":{"start":{"line":136,"column":0},"end":{"line":136,"column":65}},"136":{"start":{"line":137,"column":0},"end":{"line":137,"column":15}},"137":{"start":{"line":138,"column":0},"end":{"line":138,"column":9}},"138":{"start":{"line":139,"column":0},"end":{"line":139,"column":6}},"139":{"start":{"line":140,"column":0},"end":{"line":140,"column":0}},"140":{"start":{"line":141,"column":0},"end":{"line":141,"column":49}},"141":{"start":{"line":142,"column":0},"end":{"line":142,"column":48}},"142":{"start":{"line":143,"column":0},"end":{"line":143,"column":48}},"143":{"start":{"line":144,"column":0},"end":{"line":144,"column":11}},"144":{"start":{"line":145,"column":0},"end":{"line":145,"column":6}},"145":{"start":{"line":146,"column":0},"end":{"line":146,"column":0}},"146":{"start":{"line":147,"column":0},"end":{"line":147,"column":52}},"147":{"start":{"line":148,"column":0},"end":{"line":148,"column":29}},"148":{"start":{"line":149,"column":0},"end":{"line":149,"column":71}},"149":{"start":{"line":150,"column":0},"end":{"line":150,"column":40}},"150":{"start":{"line":151,"column":0},"end":{"line":151,"column":42}},"151":{"start":{"line":152,"column":0},"end":{"line":152,"column":64}},"152":{"start":{"line":153,"column":0},"end":{"line":153,"column":12}},"153":{"start":{"line":154,"column":0},"end":{"line":154,"column":62}},"154":{"start":{"line":155,"column":0},"end":{"line":155,"column":37}},"155":{"start":{"line":156,"column":0},"end":{"line":156,"column":64}},"156":{"start":{"line":157,"column":0},"end":{"line":157,"column":44}},"157":{"start":{"line":158,"column":0},"end":{"line":158,"column":17}},"158":{"start":{"line":159,"column":0},"end":{"line":159,"column":15}},"159":{"start":{"line":160,"column":0},"end":{"line":160,"column":12}},"160":{"start":{"line":161,"column":0},"end":{"line":161,"column":33}},"161":{"start":{"line":162,"column":0},"end":{"line":162,"column":11}},"162":{"start":{"line":163,"column":0},"end":{"line":163,"column":6}},"163":{"start":{"line":164,"column":0},"end":{"line":164,"column":0}},"164":{"start":{"line":165,"column":0},"end":{"line":165,"column":12}},"165":{"start":{"line":166,"column":0},"end":{"line":166,"column":13}},"166":{"start":{"line":167,"column":0},"end":{"line":167,"column":18}},"167":{"start":{"line":168,"column":0},"end":{"line":168,"column":12}},"168":{"start":{"line":169,"column":0},"end":{"line":169,"column":15}},"169":{"start":{"line":170,"column":0},"end":{"line":170,"column":21}},"170":{"start":{"line":171,"column":0},"end":{"line":171,"column":30}},"171":{"start":{"line":172,"column":0},"end":{"line":172,"column":24}},"172":{"start":{"line":173,"column":0},"end":{"line":173,"column":23}},"173":{"start":{"line":174,"column":0},"end":{"line":174,"column":29}},"174":{"start":{"line":175,"column":0},"end":{"line":175,"column":27}},"175":{"start":{"line":176,"column":0},"end":{"line":176,"column":24}},"176":{"start":{"line":177,"column":0},"end":{"line":177,"column":6}},"177":{"start":{"line":178,"column":0},"end":{"line":178,"column":2}}},"s":{"0":1,"1":1,"2":1,"3":1,"4":1,"5":1,"6":1,"7":1,"8":1,"9":1,"10":1,"11":1,"12":1,"13":1,"14":1,"15":1,"16":1,"17":1,"18":1,"19":2132,"20":2132,"21":2132,"22":2132,"23":2132,"24":2132,"25":2132,"26":2132,"27":2132,"28":2132,"29":2132,"30":2132,"31":2132,"32":2132,"33":2132,"34":2132,"35":2132,"36":612,"37":612,"38":2,"39":2,"40":2,"41":2,"42":2,"43":2,"44":2,"45":2,"46":2,"47":2,"48":0,"49":0,"50":2,"51":2,"52":2,"53":2,"54":2,"55":2132,"56":2132,"57":2132,"58":2132,"59":2132,"60":2132,"61":2132,"62":2132,"63":2132,"64":894,"65":894,"66":894,"67":894,"68":894,"69":894,"70":894,"71":894,"72":894,"73":894,"74":894,"75":894,"76":894,"77":894,"78":2132,"79":2132,"80":956,"81":956,"82":956,"83":956,"84":956,"85":956,"86":956,"87":956,"88":956,"89":956,"90":956,"91":956,"92":956,"93":956,"94":2132,"95":2132,"96":0,"97":0,"98":0,"99":0,"100":0,"101":0,"102":0,"103":0,"104":0,"105":0,"106":2132,"107":2132,"108":2,"109":2,"110":2,"111":2,"112":2,"113":0,"114":0,"115":0,"116":2,"117":2,"118":2,"119":0,"120":0,"121":0,"122":0,"123":0,"124":0,"125":0,"126":0,"127":2,"128":2,"129":2,"130":2,"131":2132,"132":2132,"133":0,"134":0,"135":0,"136":0,"137":0,"138":0,"139":2132,"140":2132,"141":0,"142":0,"143":0,"144":0,"145":2132,"146":2132,"147":907,"148":907,"149":907,"150":907,"151":907,"152":907,"153":907,"154":907,"155":3736,"156":4,"157":4,"158":907,"159":907,"160":907,"161":907,"162":907,"163":2132,"164":2132,"165":2132,"166":2132,"167":2132,"168":2132,"169":2132,"170":2132,"171":2132,"172":2132,"173":2132,"174":2132,"175":2132,"176":2132,"177":2132},"branchMap":{"0":{"type":"branch","line":19,"loc":{"start":{"line":19,"column":33},"end":{"line":178,"column":2}},"locations":[{"start":{"line":19,"column":33},"end":{"line":178,"column":2}}]},"1":{"type":"branch","line":31,"loc":{"start":{"line":31,"column":32},"end":{"line":31,"column":51}},"locations":[{"start":{"line":31,"column":32},"end":{"line":31,"column":51}}]},"2":{"type":"branch","line":33,"loc":{"start":{"line":33,"column":26},"end":{"line":33,"column":98}},"locations":[{"start":{"line":33,"column":26},"end":{"line":33,"column":98}}]},"3":{"type":"branch","line":36,"loc":{"start":{"line":36,"column":14},"end":{"line":56,"column":7}},"locations":[{"start":{"line":36,"column":14},"end":{"line":56,"column":7}}]},"4":{"type":"branch","line":38,"loc":{"start":{"line":38,"column":12},"end":{"line":38,"column":55}},"locations":[{"start":{"line":38,"column":12},"end":{"line":38,"column":55}}]},"5":{"type":"branch","line":38,"loc":{"start":{"line":38,"column":55},"end":{"line":55,"column":9}},"locations":[{"start":{"line":38,"column":55},"end":{"line":55,"column":9}}]},"6":{"type":"branch","line":40,"loc":{"start":{"line":40,"column":20},"end":{"line":54,"column":13}},"locations":[{"start":{"line":40,"column":20},"end":{"line":54,"column":13}}]},"7":{"type":"branch","line":53,"loc":{"start":{"line":53,"column":50},"end":{"line":53,"column":75}},"locations":[{"start":{"line":53,"column":50},"end":{"line":53,"column":75}}]},"8":{"type":"branch","line":41,"loc":{"start":{"line":41,"column":52},"end":{"line":41,"column":72}},"locations":[{"start":{"line":41,"column":52},"end":{"line":41,"column":72}}]},"9":{"type":"branch","line":43,"loc":{"start":{"line":43,"column":25},"end":{"line":43,"column":45}},"locations":[{"start":{"line":43,"column":25},"end":{"line":43,"column":45}}]},"10":{"type":"branch","line":44,"loc":{"start":{"line":44,"column":28},"end":{"line":44,"column":66}},"locations":[{"start":{"line":44,"column":28},"end":{"line":44,"column":66}}]},"11":{"type":"branch","line":47,"loc":{"start":{"line":47,"column":33},"end":{"line":51,"column":17}},"locations":[{"start":{"line":47,"column":33},"end":{"line":51,"column":17}}]},"12":{"type":"branch","line":48,"loc":{"start":{"line":48,"column":67},"end":{"line":50,"column":21}},"locations":[{"start":{"line":48,"column":67},"end":{"line":50,"column":21}}]},"13":{"type":"branch","line":48,"loc":{"start":{"line":48,"column":44},"end":{"line":48,"column":64}},"locations":[{"start":{"line":48,"column":44},"end":{"line":48,"column":64}}]},"14":{"type":"branch","line":59,"loc":{"start":{"line":59,"column":14},"end":{"line":62,"column":7}},"locations":[{"start":{"line":59,"column":14},"end":{"line":62,"column":7}}]},"15":{"type":"branch","line":60,"loc":{"start":{"line":60,"column":32},"end":{"line":60,"column":45}},"locations":[{"start":{"line":60,"column":32},"end":{"line":60,"column":45}}]},"16":{"type":"branch","line":64,"loc":{"start":{"line":64,"column":25},"end":{"line":78,"column":6}},"locations":[{"start":{"line":64,"column":25},"end":{"line":78,"column":6}}]},"17":{"type":"branch","line":73,"loc":{"start":{"line":73,"column":16},"end":{"line":76,"column":9}},"locations":[{"start":{"line":73,"column":16},"end":{"line":76,"column":9}}]},"18":{"type":"branch","line":74,"loc":{"start":{"line":74,"column":28},"end":{"line":74,"column":64}},"locations":[{"start":{"line":74,"column":28},"end":{"line":74,"column":64}}]},"19":{"type":"branch","line":80,"loc":{"start":{"line":80,"column":34},"end":{"line":94,"column":6}},"locations":[{"start":{"line":80,"column":34},"end":{"line":94,"column":6}}]},"20":{"type":"branch","line":89,"loc":{"start":{"line":89,"column":16},"end":{"line":92,"column":9}},"locations":[{"start":{"line":89,"column":16},"end":{"line":92,"column":9}}]},"21":{"type":"branch","line":90,"loc":{"start":{"line":90,"column":28},"end":{"line":90,"column":64}},"locations":[{"start":{"line":90,"column":28},"end":{"line":90,"column":64}}]},"22":{"type":"branch","line":108,"loc":{"start":{"line":108,"column":27},"end":{"line":131,"column":6}},"locations":[{"start":{"line":108,"column":27},"end":{"line":131,"column":6}}]},"23":{"type":"branch","line":109,"loc":{"start":{"line":109,"column":16},"end":{"line":130,"column":9}},"locations":[{"start":{"line":109,"column":16},"end":{"line":130,"column":9}}]},"24":{"type":"branch","line":113,"loc":{"start":{"line":113,"column":56},"end":{"line":113,"column":93}},"locations":[{"start":{"line":113,"column":56},"end":{"line":113,"column":93}}]},"25":{"type":"branch","line":113,"loc":{"start":{"line":113,"column":93},"end":{"line":116,"column":13}},"locations":[{"start":{"line":113,"column":93},"end":{"line":116,"column":13}}]},"26":{"type":"branch","line":119,"loc":{"start":{"line":119,"column":43},"end":{"line":127,"column":13}},"locations":[{"start":{"line":119,"column":43},"end":{"line":127,"column":13}}]},"27":{"type":"branch","line":110,"loc":{"start":{"line":110,"column":49},"end":{"line":110,"column":72}},"locations":[{"start":{"line":110,"column":49},"end":{"line":110,"column":72}}]},"28":{"type":"branch","line":113,"loc":{"start":{"line":113,"column":30},"end":{"line":113,"column":53}},"locations":[{"start":{"line":113,"column":30},"end":{"line":113,"column":53}}]},"29":{"type":"branch","line":147,"loc":{"start":{"line":147,"column":29},"end":{"line":163,"column":6}},"locations":[{"start":{"line":147,"column":29},"end":{"line":163,"column":6}}]},"30":{"type":"branch","line":148,"loc":{"start":{"line":148,"column":16},"end":{"line":162,"column":9}},"locations":[{"start":{"line":148,"column":16},"end":{"line":162,"column":9}}]},"31":{"type":"branch","line":149,"loc":{"start":{"line":149,"column":48},"end":{"line":149,"column":68}},"locations":[{"start":{"line":149,"column":48},"end":{"line":149,"column":68}}]},"32":{"type":"branch","line":151,"loc":{"start":{"line":151,"column":21},"end":{"line":151,"column":41}},"locations":[{"start":{"line":151,"column":21},"end":{"line":151,"column":41}}]},"33":{"type":"branch","line":152,"loc":{"start":{"line":152,"column":24},"end":{"line":152,"column":62}},"locations":[{"start":{"line":152,"column":24},"end":{"line":152,"column":62}}]},"34":{"type":"branch","line":155,"loc":{"start":{"line":155,"column":29},"end":{"line":159,"column":13}},"locations":[{"start":{"line":155,"column":29},"end":{"line":159,"column":13}}]},"35":{"type":"branch","line":156,"loc":{"start":{"line":156,"column":63},"end":{"line":158,"column":17}},"locations":[{"start":{"line":156,"column":63},"end":{"line":158,"column":17}}]},"36":{"type":"branch","line":156,"loc":{"start":{"line":156,"column":40},"end":{"line":156,"column":60}},"locations":[{"start":{"line":156,"column":40},"end":{"line":156,"column":60}}]}},"b":{"0":[2132],"1":[4336],"2":[1850],"3":[612],"4":[2],"5":[2],"6":[2],"7":[0],"8":[2],"9":[5],"10":[5],"11":[2],"12":[0],"13":[2],"14":[2132],"15":[6812],"16":[894],"17":[894],"18":[2057],"19":[956],"20":[956],"21":[2263],"22":[2],"23":[2],"24":[0],"25":[0],"26":[0],"27":[5],"28":[2],"29":[907],"30":[907],"31":[3736],"32":[3732],"33":[3732],"34":[3736],"35":[4],"36":[10401]},"fnMap":{"0":{"name":"useTabsController","decl":{"start":{"line":19,"column":33},"end":{"line":178,"column":2}},"loc":{"start":{"line":19,"column":33},"end":{"line":178,"column":2}},"line":19},"1":{"name":"generateTabId","decl":{"start":{"line":33,"column":26},"end":{"line":33,"column":98}},"loc":{"start":{"line":33,"column":26},"end":{"line":33,"column":98}},"line":33},"2":{"name":"handleNewTab","decl":{"start":{"line":64,"column":25},"end":{"line":78,"column":6}},"loc":{"start":{"line":64,"column":25},"end":{"line":78,"column":6}},"line":64},"3":{"name":"handleNewIncognitoTab","decl":{"start":{"line":80,"column":34},"end":{"line":94,"column":6}},"loc":{"start":{"line":80,"column":34},"end":{"line":94,"column":6}},"line":80},"4":{"name":"handleTabSelect","decl":{"start":{"line":96,"column":28},"end":{"line":106,"column":6}},"loc":{"start":{"line":96,"column":28},"end":{"line":106,"column":6}},"line":96},"5":{"name":"handleTabClose","decl":{"start":{"line":108,"column":27},"end":{"line":131,"column":6}},"loc":{"start":{"line":108,"column":27},"end":{"line":131,"column":6}},"line":108},"6":{"name":"handleTabTitleUpdate","decl":{"start":{"line":133,"column":33},"end":{"line":139,"column":6}},"loc":{"start":{"line":133,"column":33},"end":{"line":139,"column":6}},"line":133},"7":{"name":"updateActiveTabUrl","decl":{"start":{"line":141,"column":31},"end":{"line":145,"column":6}},"loc":{"start":{"line":141,"column":31},"end":{"line":145,"column":6}},"line":141},"8":{"name":"handleTabReorder","decl":{"start":{"line":147,"column":29},"end":{"line":163,"column":6}},"loc":{"start":{"line":147,"column":29},"end":{"line":163,"column":6}},"line":147}},"f":{"0":2132,"1":1850,"2":894,"3":956,"4":0,"5":2,"6":0,"7":0,"8":907}}
}
